This is pdfTeX, Version 3.14159265-2.6-1.40.19 (MiKTeX 2.9.6840 64-bit) (preloaded format=pdflatex 2018.10.22)  30 APR 2019 03:56
entering extended mode
**./psq19_Bousbiat_Hafsa_Ihadadene_Sana_SIQ.tex
(psq19_Bousbiat_Hafsa_Ihadadene_Sana_SIQ.tex
LaTeX2e <2018-04-01> patch level 5
("C:\Users\USER\AppData\Local\Programs\MiKTeX 2.9\tex\latex\base\report.cls"
Document Class: report 2014/09/29 v1.4h Standard LaTeX document class
("C:\Users\USER\AppData\Local\Programs\MiKTeX 2.9\tex\latex\base\size12.clo"
File: size12.clo 2014/09/29 v1.4h Standard LaTeX file (size option)
)
\c@part=\count80
\c@chapter=\count81
\c@section=\count82
\c@subsection=\count83
\c@subsubsection=\count84
\c@paragraph=\count85
\c@subparagraph=\count86
\c@figure=\count87
\c@table=\count88
\abovecaptionskip=\skip41
\belowcaptionskip=\skip42
\bibindent=\dimen102
)
("C:\Users\USER\AppData\Local\Programs\MiKTeX 2.9\tex\latex\base\inputenc.sty"
Package: inputenc 2018/04/06 v1.3b Input encoding file
\inpenc@prehook=\toks14
\inpenc@posthook=\toks15
) ("C:\Users\USER\AppData\Local\Programs\MiKTeX 2.9\tex\generic\babel\babel.sty
"
Package: babel 2018/09/26 3.24 The Babel package
("C:\Users\USER\AppData\Local\Programs\MiKTeX 2.9\tex\generic\babel\switch.def"
File: switch.def 2018/09/26 3.24 Babel switching mechanism
)
*************************************
* Local config file bblopts.cfg used
*
("C:\Users\USER\AppData\Local\Programs\MiKTeX 2.9\tex\latex\arabi\bblopts.cfg"
File: bblopts.cfg 2005/09/08 v0.1 add Arabic and Farsi to "declared" options of
 babel
)
("C:\Users\USER\AppData\Local\Programs\MiKTeX 2.9\tex\generic\babel-french\fren
ch.ldf"
Language: french 2018/09/14 v3.5c French support from the babel system

("C:\Users\USER\AppData\Local\Programs\MiKTeX 2.9\tex\generic\babel\babel.def"
File: babel.def 2018/09/26 3.24 Babel common definitions
\babel@savecnt=\count89
\U@D=\dimen103

("C:\Users\USER\AppData\Local\Programs\MiKTeX 2.9\tex\generic\babel\txtbabel.de
f")
\bbl@dirlevel=\count90
)
\l@acadian = a dialect from \language\l@french 
\FB@nonchar=\count91
Package babel Info: Making : an active character on input line 414.
Package babel Info: Making ; an active character on input line 415.
Package babel Info: Making ! an active character on input line 416.
Package babel Info: Making ? an active character on input line 417.
\FBguill@level=\count92
\FBold@everypar=\toks16
\FB@Mht=\dimen104
\mc@charclass=\count93
\mc@charfam=\count94
\mc@charslot=\count95
\std@mcc=\count96
\dec@mcc=\count97
\c@FBcaption@count=\count98
\listindentFB=\dimen105
\descindentFB=\dimen106
\labelindentFB=\dimen107
\labelwidthFB=\dimen108
\leftmarginFB=\dimen109
\parindentFFN=\dimen110
\FBfnindent=\dimen111
))
("C:\Users\USER\AppData\Local\Programs\MiKTeX 2.9\tex\latex\carlisle\scalefnt.s
ty")
("C:\Users\USER\AppData\Local\Programs\MiKTeX 2.9\tex\latex\graphics\keyval.sty
"
Package: keyval 2014/10/28 v1.15 key=value parser (DPC)
\KV@toks@=\toks17
) ("C:\Users\USER\AppData\Local\Programs\MiKTeX 2.9\tex\latex\base\fontenc.sty"
Package: fontenc 2017/04/05 v2.0i Standard LaTeX package
 ("C:\Users\USER\AppData\Local\Programs\MiKTeX 2.9\tex\latex\base\t1enc.def"
File: t1enc.def 2017/04/05 v2.0i Standard LaTeX file
LaTeX Font Info:    Redeclaring font encoding T1 on input line 48.
)) ("C:\Users\USER\AppData\Local\Programs\MiKTeX 2.9\tex\latex\tools\multicol.s
ty"
Package: multicol 2018/04/20 v1.8s multicolumn formatting (FMi)
\c@tracingmulticols=\count99
\mult@box=\box26
\multicol@leftmargin=\dimen112
\c@unbalance=\count100
\c@collectmore=\count101
\doublecol@number=\count102
\multicoltolerance=\count103
\multicolpretolerance=\count104
\full@width=\dimen113
\page@free=\dimen114
\premulticols=\dimen115
\postmulticols=\dimen116
\multicolsep=\skip43
\multicolbaselineskip=\skip44
\partial@page=\box27
\last@line=\box28
\maxbalancingoverflow=\dimen117
\mult@rightbox=\box29
\mult@grightbox=\box30
\mult@gfirstbox=\box31
\mult@firstbox=\box32
\@tempa=\box33
\@tempa=\box34
\@tempa=\box35
\@tempa=\box36
\@tempa=\box37
\@tempa=\box38
\@tempa=\box39
\@tempa=\box40
\@tempa=\box41
\@tempa=\box42
\@tempa=\box43
\@tempa=\box44
\@tempa=\box45
\@tempa=\box46
\@tempa=\box47
\@tempa=\box48
\@tempa=\box49
\c@columnbadness=\count105
\c@finalcolumnbadness=\count106
\last@try=\dimen118
\multicolovershoot=\dimen119
\multicolundershoot=\dimen120
\mult@nat@firstbox=\box50
\colbreak@box=\box51
\mc@col@check@num=\count107
)
("C:\Users\USER\AppData\Local\Programs\MiKTeX 2.9\tex\latex\enumitem\enumitem.s
ty"
Package: enumitem 2011/09/28 v3.5.2 Customized lists
\labelindent=\skip45
\enit@outerparindent=\dimen121
\enit@toks=\toks18
\enit@inbox=\box52
\enitdp@description=\count108
)
("C:\Users\USER\AppData\Local\Programs\MiKTeX 2.9\tex\latex\multirow\multirow.s
ty"
Package: multirow 2018/08/03 v2.3 Span multiple rows of a table
\multirow@colwidth=\skip46
\multirow@cntb=\count109
\multirow@dima=\skip47
\bigstrutjot=\dimen122
)
("C:\Users\USER\AppData\Local\Programs\MiKTeX 2.9\tex\latex\graphics\graphicx.s
ty"
Package: graphicx 2017/06/01 v1.1a Enhanced LaTeX Graphics (DPC,SPQR)

("C:\Users\USER\AppData\Local\Programs\MiKTeX 2.9\tex\latex\graphics\graphics.s
ty"
Package: graphics 2017/06/25 v1.2c Standard LaTeX Graphics (DPC,SPQR)

("C:\Users\USER\AppData\Local\Programs\MiKTeX 2.9\tex\latex\graphics\trig.sty"
Package: trig 2016/01/03 v1.10 sin cos tan (DPC)
)
("C:\Users\USER\AppData\Local\Programs\MiKTeX 2.9\tex\latex\graphics-cfg\graphi
cs.cfg"
File: graphics.cfg 2016/06/04 v1.11 sample graphics configuration
)
Package graphics Info: Driver file: pdftex.def on input line 99.

("C:\Users\USER\AppData\Local\Programs\MiKTeX 2.9\tex\latex\graphics-def\pdftex
.def"
File: pdftex.def 2018/01/08 v1.0l Graphics/color driver for pdftex
))
\Gin@req@height=\dimen123
\Gin@req@width=\dimen124
)
("C:\Users\USER\AppData\Local\Programs\MiKTeX 2.9\tex\latex\float\float.sty"
Package: float 2001/11/08 v1.3d Float enhancements (AL)
\c@float@type=\count110
\float@exts=\toks19
\float@box=\box53
\@float@everytoks=\toks20
\@floatcapt=\box54
)
("C:\Users\USER\AppData\Local\Programs\MiKTeX 2.9\tex\latex\adjustbox\adjustbox
.sty"
Package: adjustbox 2018/04/08 v1.1 Adjusting TeX boxes (trim, clip, ...)

("C:\Users\USER\AppData\Local\Programs\MiKTeX 2.9\tex\latex\xkeyval\xkeyval.sty
"
Package: xkeyval 2014/12/03 v2.7a package option processing (HA)

("C:\Users\USER\AppData\Local\Programs\MiKTeX 2.9\tex\generic\xkeyval\xkeyval.t
ex"
("C:\Users\USER\AppData\Local\Programs\MiKTeX 2.9\tex\generic\xkeyval\xkvutils.
tex"
\XKV@toks=\toks21
\XKV@tempa@toks=\toks22
)
\XKV@depth=\count111
File: xkeyval.tex 2014/12/03 v2.7a key=value parser (HA)
))
("C:\Users\USER\AppData\Local\Programs\MiKTeX 2.9\tex\latex\adjustbox\adjcalc.s
ty"
Package: adjcalc 2012/05/16 v1.1 Provides advanced setlength with multiple back
-ends (calc, etex, pgfmath)
)
("C:\Users\USER\AppData\Local\Programs\MiKTeX 2.9\tex\latex\adjustbox\trimclip.
sty"
Package: trimclip 2018/04/08 v1.1 Trim and clip general TeX material

("C:\Users\USER\AppData\Local\Programs\MiKTeX 2.9\tex\latex\collectbox\collectb
ox.sty"
Package: collectbox 2012/05/17 v0.4b Collect macro arguments as boxes
\collectedbox=\box55
)
\tc@llx=\dimen125
\tc@lly=\dimen126
\tc@urx=\dimen127
\tc@ury=\dimen128
Package trimclip Info: Using driver 'tc-pdftex.def'.

("C:\Users\USER\AppData\Local\Programs\MiKTeX 2.9\tex\latex\adjustbox\tc-pdftex
.def"
File: tc-pdftex.def 2018/04/08 v2.1 Clipping driver for pdftex
))
\adjbox@Width=\dimen129
\adjbox@Height=\dimen130
\adjbox@Depth=\dimen131
\adjbox@Totalheight=\dimen132
\adjbox@pwidth=\dimen133
\adjbox@pheight=\dimen134
\adjbox@pdepth=\dimen135
\adjbox@ptotalheight=\dimen136

("C:\Users\USER\AppData\Local\Programs\MiKTeX 2.9\tex\latex\ifoddpage\ifoddpage
.sty"
Package: ifoddpage 2016/04/23 v1.1 Conditionals for odd/even page detection
\c@checkoddpage=\count112
)
("C:\Users\USER\AppData\Local\Programs\MiKTeX 2.9\tex\latex\varwidth\varwidth.s
ty"
Package: varwidth 2009/03/30 ver 0.92;  Variable-width minipages
\@vwid@box=\box56
\sift@deathcycles=\count113
\@vwid@loff=\dimen137
\@vwid@roff=\dimen138
))
("C:\Users\USER\AppData\Local\Programs\MiKTeX 2.9\tex\latex\amsfonts\amsfonts.s
ty"
Package: amsfonts 2013/01/14 v3.01 Basic AMSFonts support
\@emptytoks=\toks23
\symAMSa=\mathgroup4
\symAMSb=\mathgroup5
LaTeX Font Info:    Overwriting math alphabet `\mathfrak' in version `bold'
(Font)                  U/euf/m/n --> U/euf/b/n on input line 106.
)
("C:\Users\USER\AppData\Local\Programs\MiKTeX 2.9\tex\latex\graphics\epsfig.sty
"
Package: epsfig 2017/06/25 v1.7b (e)psfig emulation (SPQR)
\epsfxsize=\dimen139
\epsfysize=\dimen140
)
("C:\Users\USER\AppData\Local\Programs\MiKTeX 2.9\tex\latex\oberdiek\epstopdf.s
ty"
Package: epstopdf 2016/05/15 v2.6 Conversion with epstopdf on the fly (HO)

("C:\Users\USER\AppData\Local\Programs\MiKTeX 2.9\tex\latex\oberdiek\epstopdf-b
ase.sty"
Package: epstopdf-base 2016/05/15 v2.6 Base part for package epstopdf

("C:\Users\USER\AppData\Local\Programs\MiKTeX 2.9\tex\generic\oberdiek\infwarer
r.sty"
Package: infwarerr 2016/05/16 v1.4 Providing info/warning/error messages (HO)
)
("C:\Users\USER\AppData\Local\Programs\MiKTeX 2.9\tex\latex\oberdiek\grfext.sty
"
Package: grfext 2016/05/16 v1.2 Manage graphics extensions (HO)

("C:\Users\USER\AppData\Local\Programs\MiKTeX 2.9\tex\generic\oberdiek\kvdefine
keys.sty"
Package: kvdefinekeys 2016/05/16 v1.4 Define keys (HO)

("C:\Users\USER\AppData\Local\Programs\MiKTeX 2.9\tex\generic\oberdiek\ltxcmds.
sty"
Package: ltxcmds 2016/05/16 v1.23 LaTeX kernel commands for general use (HO)
)))
("C:\Users\USER\AppData\Local\Programs\MiKTeX 2.9\tex\latex\oberdiek\kvoptions.
sty"
Package: kvoptions 2016/05/16 v3.12 Key value format for package options (HO)

("C:\Users\USER\AppData\Local\Programs\MiKTeX 2.9\tex\generic\oberdiek\kvsetkey
s.sty"
Package: kvsetkeys 2016/05/16 v1.17 Key value parser (HO)

("C:\Users\USER\AppData\Local\Programs\MiKTeX 2.9\tex\generic\oberdiek\etexcmds
.sty"
Package: etexcmds 2016/05/16 v1.6 Avoid name clashes with e-TeX commands (HO)

("C:\Users\USER\AppData\Local\Programs\MiKTeX 2.9\tex\generic\oberdiek\ifluatex
.sty"
Package: ifluatex 2016/05/16 v1.4 Provides the ifluatex switch (HO)
Package ifluatex Info: LuaTeX not detected.
)
Package etexcmds Info: Could not find \expanded.
(etexcmds)             That can mean that you are not using pdfTeX 1.50 or
(etexcmds)             that some package has redefined \expanded.
(etexcmds)             In the latter case, load this package earlier.
)))
("C:\Users\USER\AppData\Local\Programs\MiKTeX 2.9\tex\generic\oberdiek\pdftexcm
ds.sty"
Package: pdftexcmds 2018/09/10 v0.29 Utility functions of pdfTeX for LuaTeX (HO
)

("C:\Users\USER\AppData\Local\Programs\MiKTeX 2.9\tex\generic\oberdiek\ifpdf.st
y"
Package: ifpdf 2018/09/07 v3.3 Provides the ifpdf switch
)
Package pdftexcmds Info: LuaTeX not detected.
Package pdftexcmds Info: \pdf@primitive is available.
Package pdftexcmds Info: \pdf@ifprimitive is available.
Package pdftexcmds Info: \pdfdraftmode found.
)
Package epstopdf-base Info: Redefining graphics rule for `.eps' on input line 4
38.
Package grfext Info: Graphics extension search list:
(grfext)             [.pdf,.png,.jpg,.mps,.jpeg,.jbig2,.jb2,.PDF,.PNG,.JPG,.JPE
G,.JBIG2,.JB2,.eps]
(grfext)             \AppendGraphicsExtensions on input line 456.
))
("C:\Users\USER\AppData\Local\Programs\MiKTeX 2.9\tex\latex\titling\titling.sty
"
Package: titling 2009/09/04 v2.1d maketitle typesetting
\thanksmarkwidth=\skip48
\thanksmargin=\skip49
\droptitle=\skip50
) ("C:\Users\USER\AppData\Local\Programs\MiKTeX 2.9\tex\latex\url\url.sty"
\Urlmuskip=\muskip10
Package: url 2013/09/16  ver 3.4  Verb mode for urls, etc.
)
("C:\Users\USER\AppData\Local\Programs\MiKTeX 2.9\tex\latex\tools\array.sty"
Package: array 2018/04/30 v2.4h Tabular extension package (FMi)
\col@sep=\dimen141
\ar@mcellbox=\box57
\extrarowheight=\dimen142
\NC@list=\toks24
\extratabsurround=\skip51
\backup@length=\skip52
\ar@cellbox=\box58
)
("C:\Users\USER\AppData\Local\Programs\MiKTeX 2.9\tex\latex\graphics\lscape.sty
"
Package: lscape 2000/10/22 v3.01 Landscape Pages (DPC)
)
("C:\Users\USER\AppData\Local\Programs\MiKTeX 2.9\tex\latex\amsmath\amsmath.sty
"
Package: amsmath 2017/09/02 v2.17a AMS math features
\@mathmargin=\skip53

For additional information on amsmath, use the `?' option.
("C:\Users\USER\AppData\Local\Programs\MiKTeX 2.9\tex\latex\amsmath\amstext.sty
"
Package: amstext 2000/06/29 v2.01 AMS text
 ("C:\Users\USER\AppData\Local\Programs\MiKTeX 2.9\tex\latex\amsmath\amsgen.sty
"
File: amsgen.sty 1999/11/30 v2.0 generic functions
\@emptytoks=\toks25
\ex@=\dimen143
))
("C:\Users\USER\AppData\Local\Programs\MiKTeX 2.9\tex\latex\amsmath\amsbsy.sty"
Package: amsbsy 1999/11/29 v1.2d Bold Symbols
\pmbraise@=\dimen144
) ("C:\Users\USER\AppData\Local\Programs\MiKTeX 2.9\tex\latex\amsmath\amsopn.st
y"
Package: amsopn 2016/03/08 v2.02 operator names
)
\inf@bad=\count114
LaTeX Info: Redefining \frac on input line 213.
\uproot@=\count115
\leftroot@=\count116
LaTeX Info: Redefining \overline on input line 375.
\classnum@=\count117
\DOTSCASE@=\count118
LaTeX Info: Redefining \ldots on input line 472.
LaTeX Info: Redefining \dots on input line 475.
LaTeX Info: Redefining \cdots on input line 596.
\Mathstrutbox@=\box59
\strutbox@=\box60
\big@size=\dimen145
LaTeX Font Info:    Redeclaring font encoding OML on input line 712.
LaTeX Font Info:    Redeclaring font encoding OMS on input line 713.
\macc@depth=\count119
\c@MaxMatrixCols=\count120
\dotsspace@=\muskip11
\c@parentequation=\count121
\dspbrk@lvl=\count122
\tag@help=\toks26
\row@=\count123
\column@=\count124
\maxfields@=\count125
\andhelp@=\toks27
\eqnshift@=\dimen146
\alignsep@=\dimen147
\tagshift@=\dimen148
\tagwidth@=\dimen149
\totwidth@=\dimen150
\lineht@=\dimen151
\@envbody=\toks28
\multlinegap=\skip54
\multlinetaggap=\skip55
\mathdisplay@stack=\toks29
LaTeX Info: Redefining \[ on input line 2817.
LaTeX Info: Redefining \] on input line 2818.
)
("C:\Users\USER\AppData\Local\Programs\MiKTeX 2.9\tex\latex\amsfonts\amssymb.st
y"
Package: amssymb 2013/01/14 v3.01 AMS font symbols
)
("C:\Users\USER\AppData\Local\Programs\MiKTeX 2.9\tex\latex\amscls\amsthm.sty"
Package: amsthm 2017/10/31 v2.20.4
\thm@style=\toks30
\thm@bodyfont=\toks31
\thm@headfont=\toks32
\thm@notefont=\toks33
\thm@headpunct=\toks34
\thm@preskip=\skip56
\thm@postskip=\skip57
\thm@headsep=\skip58
\dth@everypar=\toks35
)
("C:\Users\USER\AppData\Local\Programs\MiKTeX 2.9\tex\latex\geometry\geometry.s
ty"
Package: geometry 2018/04/16 v5.8 Page Geometry

("C:\Users\USER\AppData\Local\Programs\MiKTeX 2.9\tex\generic\oberdiek\ifvtex.s
ty"
Package: ifvtex 2016/05/16 v1.6 Detect VTeX and its facilities (HO)
Package ifvtex Info: VTeX not detected.
)
("C:\Users\USER\AppData\Local\Programs\MiKTeX 2.9\tex\generic\ifxetex\ifxetex.s
ty"
Package: ifxetex 2010/09/12 v0.6 Provides ifxetex conditional
)
\Gm@cnth=\count126
\Gm@cntv=\count127
\c@Gm@tempcnt=\count128
\Gm@bindingoffset=\dimen152
\Gm@wd@mp=\dimen153
\Gm@odd@mp=\dimen154
\Gm@even@mp=\dimen155
\Gm@layoutwidth=\dimen156
\Gm@layoutheight=\dimen157
\Gm@layouthoffset=\dimen158
\Gm@layoutvoffset=\dimen159
\Gm@dimlist=\toks36

("C:\Users\USER\AppData\Local\Programs\MiKTeX 2.9\tex\latex\geometry\geometry.c
fg"))
("C:\Users\USER\AppData\Local\Programs\MiKTeX 2.9\tex\latex\algorithm2e\algorit
hm2e.sty"
Package: algorithm2e 2017/07/18 v5.2 algorithms environments
\c@AlgoLine=\count129

("C:\Users\USER\AppData\Local\Programs\MiKTeX 2.9\tex\latex\base\ifthen.sty"
Package: ifthen 2014/09/29 v1.1c Standard LaTeX ifthen package (DPC)
)
\algocf@hangindent=\skip59

("C:\Users\USER\AppData\Local\Programs\MiKTeX 2.9\tex\latex\tools\xspace.sty"
Package: xspace 2014/10/28 v1.13 Space after command names (DPC,MH)
)
("C:\Users\USER\AppData\Local\Programs\MiKTeX 2.9\tex\latex\relsize\relsize.sty
"
Package: relsize 2013/03/29 ver 4.1
)
\skiptotal=\skip60
\skiplinenumber=\skip61
\skiprule=\skip62
\skiphlne=\skip63
\skiptext=\skip64
\skiplength=\skip65
\algomargin=\skip66
\skipalgocfslide=\skip67
\algowidth=\dimen160
\inoutsize=\dimen161
\inoutindent=\dimen162
\interspacetitleruled=\dimen163
\interspacealgoruled=\dimen164
\interspacetitleboxruled=\dimen165
\algocf@ruledwidth=\skip68
\algocf@inoutbox=\box61
\algocf@inputbox=\box62
\AlCapSkip=\skip69
\AlCapHSkip=\skip70
\algoskipindent=\skip71
\algocf@nlbox=\box63
\algocf@hangingbox=\box64
\algocf@untilbox=\box65
\algocf@skipuntil=\skip72
\algocf@capbox=\box66
\algocf@lcaptionbox=\skip73
\algoheightruledefault=\skip74
\algoheightrule=\skip75
\algotitleheightruledefault=\skip76
\algotitleheightrule=\skip77
\c@algocfline=\count130
\c@algocfproc=\count131
\c@algocf=\count132
\algocf@algoframe=\box67
\algocf@algobox=\box68
)
("C:\Users\USER\AppData\Local\Programs\MiKTeX 2.9\tex\latex\algorithms\algorith
mic.sty"
Package: algorithmic 2009/08/24 v0.1 Document Style `algorithmic'
\c@ALC@unique=\count133
\c@ALC@line=\count134
\c@ALC@rem=\count135
\c@ALC@depth=\count136
\ALC@tlm=\skip78
\algorithmicindent=\skip79
)
("C:\Users\USER\AppData\Local\Programs\MiKTeX 2.9\tex\latex\setspace\setspace.s
ty"
Package: setspace 2011/12/19 v6.7a set line spacing
)
("C:\Users\USER\AppData\Local\Programs\MiKTeX 2.9\tex\latex\txfonts\txfonts.sty
"
Package: txfonts 2008/01/22 v3.2.1
LaTeX Font Info:    Redeclaring symbol font `operators' on input line 21.
LaTeX Font Info:    Overwriting symbol font `operators' in version `normal'
(Font)                  OT1/cmr/m/n --> OT1/txr/m/n on input line 21.
LaTeX Font Info:    Overwriting symbol font `operators' in version `bold'
(Font)                  OT1/cmr/bx/n --> OT1/txr/m/n on input line 21.
LaTeX Font Info:    Overwriting symbol font `operators' in version `bold'
(Font)                  OT1/txr/m/n --> OT1/txr/bx/n on input line 22.
\symitalic=\mathgroup6
LaTeX Font Info:    Overwriting symbol font `italic' in version `bold'
(Font)                  OT1/txr/m/it --> OT1/txr/bx/it on input line 26.
LaTeX Font Info:    Redeclaring math alphabet \mathbf on input line 29.
LaTeX Font Info:    Overwriting math alphabet `\mathbf' in version `normal'
(Font)                  OT1/cmr/bx/n --> OT1/txr/bx/n on input line 29.
LaTeX Font Info:    Overwriting math alphabet `\mathbf' in version `bold'
(Font)                  OT1/cmr/bx/n --> OT1/txr/bx/n on input line 29.
LaTeX Font Info:    Redeclaring math alphabet \mathit on input line 30.
LaTeX Font Info:    Overwriting math alphabet `\mathit' in version `normal'
(Font)                  OT1/cmr/m/it --> OT1/txr/m/it on input line 30.
LaTeX Font Info:    Overwriting math alphabet `\mathit' in version `bold'
(Font)                  OT1/cmr/bx/it --> OT1/txr/m/it on input line 30.
LaTeX Font Info:    Overwriting math alphabet `\mathit' in version `bold'
(Font)                  OT1/txr/m/it --> OT1/txr/bx/it on input line 31.
LaTeX Font Info:    Redeclaring math alphabet \mathsf on input line 40.
LaTeX Font Info:    Overwriting math alphabet `\mathsf' in version `normal'
(Font)                  OT1/cmss/m/n --> OT1/txss/m/n on input line 40.
LaTeX Font Info:    Overwriting math alphabet `\mathsf' in version `bold'
(Font)                  OT1/cmss/bx/n --> OT1/txss/m/n on input line 40.
LaTeX Font Info:    Overwriting math alphabet `\mathsf' in version `bold'
(Font)                  OT1/txss/m/n --> OT1/txss/b/n on input line 41.
LaTeX Font Info:    Redeclaring math alphabet \mathtt on input line 50.
LaTeX Font Info:    Overwriting math alphabet `\mathtt' in version `normal'
(Font)                  OT1/cmtt/m/n --> OT1/txtt/m/n on input line 50.
LaTeX Font Info:    Overwriting math alphabet `\mathtt' in version `bold'
(Font)                  OT1/cmtt/m/n --> OT1/txtt/m/n on input line 50.
LaTeX Font Info:    Overwriting math alphabet `\mathtt' in version `bold'
(Font)                  OT1/txtt/m/n --> OT1/txtt/b/n on input line 51.
LaTeX Font Info:    Redeclaring symbol font `letters' on input line 58.
LaTeX Font Info:    Overwriting symbol font `letters' in version `normal'
(Font)                  OML/cmm/m/it --> OML/txmi/m/it on input line 58.
LaTeX Font Info:    Overwriting symbol font `letters' in version `bold'
(Font)                  OML/cmm/b/it --> OML/txmi/m/it on input line 58.
LaTeX Font Info:    Overwriting symbol font `letters' in version `bold'
(Font)                  OML/txmi/m/it --> OML/txmi/bx/it on input line 59.
\symlettersA=\mathgroup7
LaTeX Font Info:    Overwriting symbol font `lettersA' in version `bold'
(Font)                  U/txmia/m/it --> U/txmia/bx/it on input line 67.
LaTeX Font Info:    Redeclaring math alphabet \mathfrak on input line 70.
LaTeX Font Info:    Redeclaring symbol font `symbols' on input line 77.
LaTeX Font Info:    Overwriting symbol font `symbols' in version `normal'
(Font)                  OMS/cmsy/m/n --> OMS/txsy/m/n on input line 77.
LaTeX Font Info:    Overwriting symbol font `symbols' in version `bold'
(Font)                  OMS/cmsy/b/n --> OMS/txsy/m/n on input line 77.
LaTeX Font Info:    Overwriting symbol font `symbols' in version `bold'
(Font)                  OMS/txsy/m/n --> OMS/txsy/bx/n on input line 78.
LaTeX Font Info:    Redeclaring symbol font `AMSa' on input line 93.
LaTeX Font Info:    Overwriting symbol font `AMSa' in version `normal'
(Font)                  U/msa/m/n --> U/txsya/m/n on input line 93.
LaTeX Font Info:    Overwriting symbol font `AMSa' in version `bold'
(Font)                  U/msa/m/n --> U/txsya/m/n on input line 93.
LaTeX Font Info:    Overwriting symbol font `AMSa' in version `bold'
(Font)                  U/txsya/m/n --> U/txsya/bx/n on input line 94.
LaTeX Font Info:    Redeclaring symbol font `AMSb' on input line 102.
LaTeX Font Info:    Overwriting symbol font `AMSb' in version `normal'
(Font)                  U/msb/m/n --> U/txsyb/m/n on input line 102.
LaTeX Font Info:    Overwriting symbol font `AMSb' in version `bold'
(Font)                  U/msb/m/n --> U/txsyb/m/n on input line 102.
LaTeX Font Info:    Overwriting symbol font `AMSb' in version `bold'
(Font)                  U/txsyb/m/n --> U/txsyb/bx/n on input line 103.
\symsymbolsC=\mathgroup8
LaTeX Font Info:    Overwriting symbol font `symbolsC' in version `bold'
(Font)                  U/txsyc/m/n --> U/txsyc/bx/n on input line 113.
LaTeX Font Info:    Redeclaring symbol font `largesymbols' on input line 120.
LaTeX Font Info:    Overwriting symbol font `largesymbols' in version `normal'
(Font)                  OMX/cmex/m/n --> OMX/txex/m/n on input line 120.
LaTeX Font Info:    Overwriting symbol font `largesymbols' in version `bold'
(Font)                  OMX/cmex/m/n --> OMX/txex/m/n on input line 120.
LaTeX Font Info:    Overwriting symbol font `largesymbols' in version `bold'
(Font)                  OMX/txex/m/n --> OMX/txex/bx/n on input line 121.
\symlargesymbolsA=\mathgroup9
LaTeX Font Info:    Overwriting symbol font `largesymbolsA' in version `bold'
(Font)                  U/txexa/m/n --> U/txexa/bx/n on input line 129.
LaTeX Info: Redefining \not on input line 1043.
LaTeX Info: Redefining \textsquare on input line 1063.
LaTeX Info: Redefining \openbox on input line 1064.
)
("C:\Users\USER\AppData\Local\Programs\MiKTeX 2.9\tex\latex\fancyhdr\fancyhdr.s
ty"
Package: fancyhdr 2017/06/30 v3.9a Extensive control of page headers and footer
s
\f@nch@headwidth=\skip80
\f@nch@O@elh=\skip81
\f@nch@O@erh=\skip82
\f@nch@O@olh=\skip83
\f@nch@O@orh=\skip84
\f@nch@O@elf=\skip85
\f@nch@O@erf=\skip86
\f@nch@O@olf=\skip87
\f@nch@O@orf=\skip88
)

Package Fancyhdr Warning: \fancyfoot's `E' option without twoside option is use
less on input line 51.


("C:\Users\USER\AppData\Local\Programs\MiKTeX 2.9\tex\latex\hyperref\hyperref.s
ty"
Package: hyperref 2018/09/30 v6.88a Hypertext links for LaTeX

("C:\Users\USER\AppData\Local\Programs\MiKTeX 2.9\tex\generic\oberdiek\hobsub-h
yperref.sty"
Package: hobsub-hyperref 2016/05/16 v1.14 Bundle oberdiek, subset hyperref (HO)


("C:\Users\USER\AppData\Local\Programs\MiKTeX 2.9\tex\generic\oberdiek\hobsub-g
eneric.sty"
Package: hobsub-generic 2016/05/16 v1.14 Bundle oberdiek, subset generic (HO)
Package: hobsub 2016/05/16 v1.14 Construct package bundles (HO)
Package hobsub Info: Skipping package `infwarerr' (already loaded).
Package hobsub Info: Skipping package `ltxcmds' (already loaded).
Package hobsub Info: Skipping package `ifluatex' (already loaded).
Package hobsub Info: Skipping package `ifvtex' (already loaded).
Package: intcalc 2016/05/16 v1.2 Expandable calculations with integers (HO)
Package hobsub Info: Skipping package `ifpdf' (already loaded).
Package hobsub Info: Skipping package `etexcmds' (already loaded).
Package hobsub Info: Skipping package `kvsetkeys' (already loaded).
Package hobsub Info: Skipping package `kvdefinekeys' (already loaded).
Package hobsub Info: Skipping package `pdftexcmds' (already loaded).
Package: pdfescape 2016/05/16 v1.14 Implements pdfTeX's escape features (HO)
Package: bigintcalc 2016/05/16 v1.4 Expandable calculations on big integers (HO
)
Package: bitset 2016/05/16 v1.2 Handle bit-vector datatype (HO)
Package: uniquecounter 2016/05/16 v1.3 Provide unlimited unique counter (HO)
)
Package hobsub Info: Skipping package `hobsub' (already loaded).
Package: letltxmacro 2016/05/16 v1.5 Let assignment for LaTeX macros (HO)
Package: hopatch 2016/05/16 v1.3 Wrapper for package hooks (HO)
Package: xcolor-patch 2016/05/16 xcolor patch
Package: atveryend 2016/05/16 v1.9 Hooks at the very end of document (HO)
Package atveryend Info: \enddocument detected (standard20110627).
Package: atbegshi 2016/06/09 v1.18 At begin shipout hook (HO)
Package: refcount 2016/05/16 v3.5 Data extraction from label references (HO)
Package: hycolor 2016/05/16 v1.8 Color options for hyperref/bookmark (HO)
)
("C:\Users\USER\AppData\Local\Programs\MiKTeX 2.9\tex\latex\oberdiek\auxhook.st
y"
Package: auxhook 2016/05/16 v1.4 Hooks for auxiliary files (HO)
)
\@linkdim=\dimen166
\Hy@linkcounter=\count137
\Hy@pagecounter=\count138

("C:\Users\USER\AppData\Local\Programs\MiKTeX 2.9\tex\latex\hyperref\pd1enc.def
"
File: pd1enc.def 2018/09/30 v6.88a Hyperref: PDFDocEncoding definition (HO)
Now handling font encoding PD1 ...
... no UTF-8 mapping file for font encoding PD1
)
\Hy@SavedSpaceFactor=\count139

("C:\Users\USER\AppData\Local\Programs\MiKTeX 2.9\tex\latex\00miktex\hyperref.c
fg"
File: hyperref.cfg 2002/06/06 v1.2 hyperref configuration of TeXLive
)
Package hyperref Info: Hyper figures OFF on input line 4535.
Package hyperref Info: Link nesting OFF on input line 4540.
Package hyperref Info: Hyper index ON on input line 4543.
Package hyperref Info: Plain pages OFF on input line 4550.
Package hyperref Info: Backreferencing OFF on input line 4555.
Package hyperref Info: Implicit mode ON; LaTeX internals redefined.
Package hyperref Info: Bookmarks ON on input line 4788.
\c@Hy@tempcnt=\count140
LaTeX Info: Redefining \url on input line 5141.
\XeTeXLinkMargin=\dimen167
\Fld@menulength=\count141
\Field@Width=\dimen168
\Fld@charsize=\dimen169
Package hyperref Info: Hyper figures OFF on input line 6396.
Package hyperref Info: Link nesting OFF on input line 6401.
Package hyperref Info: Hyper index ON on input line 6404.
Package hyperref Info: backreferencing OFF on input line 6411.
Package hyperref Info: Link coloring OFF on input line 6416.
Package hyperref Info: Link coloring with OCG OFF on input line 6421.
Package hyperref Info: PDF/A mode OFF on input line 6426.
LaTeX Info: Redefining \ref on input line 6466.
LaTeX Info: Redefining \pageref on input line 6470.
\Hy@abspage=\count142
\c@Item=\count143
\c@Hfootnote=\count144
)
Package hyperref Info: Driver (autodetected): hpdftex.

("C:\Users\USER\AppData\Local\Programs\MiKTeX 2.9\tex\latex\hyperref\hpdftex.de
f"
File: hpdftex.def 2018/09/30 v6.88a Hyperref driver for pdfTeX
\Fld@listcount=\count145
\c@bookmark@seq@number=\count146

("C:\Users\USER\AppData\Local\Programs\MiKTeX 2.9\tex\latex\oberdiek\rerunfilec
heck.sty"
Package: rerunfilecheck 2016/05/16 v1.8 Rerun checks for auxiliary files (HO)
Package uniquecounter Info: New unique counter `rerunfilecheck' on input line 2
82.
)
\Hy@SectionHShift=\skip89
)
("C:\Users\USER\AppData\Local\Programs\MiKTeX 2.9\tex\latex\natbib\natbib.sty"
Package: natbib 2010/09/13 8.31b (PWD, AO)
\bibhang=\skip90
\bibsep=\skip91
LaTeX Info: Redefining \cite on input line 694.
\c@NAT@ctr=\count147
)
\c@defn=\count148
\c@conj=\count149
\c@exmp=\count150
("C:\Users\USER\AppData\Local\Programs\MiKTeX 2.9\tex\latex\xcolor\xcolor.sty"
Package: xcolor 2016/05/11 v2.12 LaTeX color extensions (UK)

("C:\Users\USER\AppData\Local\Programs\MiKTeX 2.9\tex\latex\graphics-cfg\color.
cfg"
File: color.cfg 2016/01/02 v1.6 sample color configuration
)
Package xcolor Info: Driver file: pdftex.def on input line 225.

("C:\Users\USER\AppData\Local\Programs\MiKTeX 2.9\tex\latex\colortbl\colortbl.s
ty"
Package: colortbl 2018/12/12 v1.0d Color table columns (DPC)
\everycr=\toks37
\minrowclearance=\skip92
)
\rownum=\count151
Package xcolor Info: Model `cmy' substituted by `cmy0' on input line 1348.
Package xcolor Info: Model `hsb' substituted by `rgb' on input line 1352.
Package xcolor Info: Model `RGB' extended on input line 1364.
Package xcolor Info: Model `HTML' substituted by `rgb' on input line 1366.
Package xcolor Info: Model `Hsb' substituted by `hsb' on input line 1367.
Package xcolor Info: Model `tHsb' substituted by `hsb' on input line 1368.
Package xcolor Info: Model `HSB' substituted by `hsb' on input line 1369.
Package xcolor Info: Model `Gray' substituted by `gray' on input line 1370.
Package xcolor Info: Model `wave' substituted by `hsb' on input line 1371.

("C:\Users\USER\AppData\Local\Programs\MiKTeX 2.9\tex\latex\graphics\dvipsnam.d
ef"
File: dvipsnam.def 2016/06/17 v3.0m Driver-dependent file (DPC,SPQR)
))
("C:\Users\USER\AppData\Local\Programs\MiKTeX 2.9\tex\latex\psnfss\pifont.sty"
Package: pifont 2005/04/12 PSNFSS-v9.2a Pi font support (SPQR) 
LaTeX Font Info:    Try loading font information for U+pzd on input line 63.

("C:\Users\USER\AppData\Local\Programs\MiKTeX 2.9\tex\latex\psnfss\upzd.fd"
File: upzd.fd 2001/06/04 font definitions for U/pzd.
)
LaTeX Font Info:    Try loading font information for U+psy on input line 64.

("C:\Users\USER\AppData\Local\Programs\MiKTeX 2.9\tex\latex\psnfss\upsy.fd"
File: upsy.fd 2001/06/04 font definitions for U/psy.
))
("C:\Users\USER\AppData\Local\Programs\MiKTeX 2.9\tex\latex\base\fontenc.sty"
Package: fontenc 2017/04/05 v2.0i Standard LaTeX package

("C:\Users\USER\AppData\Local\Programs\MiKTeX 2.9\tex\latex\base\t1enc.def"
File: t1enc.def 2017/04/05 v2.0i Standard LaTeX file
LaTeX Font Info:    Redeclaring font encoding T1 on input line 48.
))
("C:\Users\USER\AppData\Local\Programs\MiKTeX 2.9\tex\latex\tcolorbox\tcolorbox
.sty"
Package: tcolorbox 2018/12/07 version 4.15 text color boxes

("C:\Users\USER\AppData\Local\Programs\MiKTeX 2.9\tex\latex\pgf\basiclayer\pgf.
sty"
("C:\Users\USER\AppData\Local\Programs\MiKTeX 2.9\tex\latex\pgf\utilities\pgfrc
s.sty"
("C:\Users\USER\AppData\Local\Programs\MiKTeX 2.9\tex\generic\pgf\utilities\pgf
util-common.tex"
\pgfutil@everybye=\toks38
\pgfutil@tempdima=\dimen170
\pgfutil@tempdimb=\dimen171

("C:\Users\USER\AppData\Local\Programs\MiKTeX 2.9\tex\generic\pgf\utilities\pgf
util-common-lists.tex"))
("C:\Users\USER\AppData\Local\Programs\MiKTeX 2.9\tex\generic\pgf\utilities\pgf
util-latex.def"
\pgfutil@abb=\box69

("C:\Users\USER\AppData\Local\Programs\MiKTeX 2.9\tex\latex\ms\everyshi.sty"
Package: everyshi 2001/05/15 v3.00 EveryShipout Package (MS)
))
("C:\Users\USER\AppData\Local\Programs\MiKTeX 2.9\tex\generic\pgf\utilities\pgf
rcs.code.tex"
Package: pgfrcs 2015/08/07 v3.0.1a (rcs-revision 1.31)
))
Package: pgf 2015/08/07 v3.0.1a (rcs-revision 1.15)

("C:\Users\USER\AppData\Local\Programs\MiKTeX 2.9\tex\latex\pgf\basiclayer\pgfc
ore.sty"
("C:\Users\USER\AppData\Local\Programs\MiKTeX 2.9\tex\latex\pgf\systemlayer\pgf
sys.sty"
("C:\Users\USER\AppData\Local\Programs\MiKTeX 2.9\tex\generic\pgf\systemlayer\p
gfsys.code.tex"
Package: pgfsys 2014/07/09 v3.0.1a (rcs-revision 1.48)

("C:\Users\USER\AppData\Local\Programs\MiKTeX 2.9\tex\generic\pgf\utilities\pgf
keys.code.tex"
\pgfkeys@pathtoks=\toks39
\pgfkeys@temptoks=\toks40

("C:\Users\USER\AppData\Local\Programs\MiKTeX 2.9\tex\generic\pgf\utilities\pgf
keysfiltered.code.tex"
\pgfkeys@tmptoks=\toks41
))
\pgf@x=\dimen172
\pgf@y=\dimen173
\pgf@xa=\dimen174
\pgf@ya=\dimen175
\pgf@xb=\dimen176
\pgf@yb=\dimen177
\pgf@xc=\dimen178
\pgf@yc=\dimen179
\w@pgf@writea=\write3
\r@pgf@reada=\read1
\c@pgf@counta=\count152
\c@pgf@countb=\count153
\c@pgf@countc=\count154
\c@pgf@countd=\count155
\t@pgf@toka=\toks42
\t@pgf@tokb=\toks43
\t@pgf@tokc=\toks44

("C:\Users\USER\AppData\Local\Programs\MiKTeX 2.9\tex\generic\pgf\systemlayer\p
gf.cfg"
File: pgf.cfg 2008/05/14  (rcs-revision 1.7)
)
Driver file for pgf: pgfsys-pdftex.def

("C:\Users\USER\AppData\Local\Programs\MiKTeX 2.9\tex\generic\pgf\systemlayer\p
gfsys-pdftex.def"
File: pgfsys-pdftex.def 2014/10/11  (rcs-revision 1.35)

("C:\Users\USER\AppData\Local\Programs\MiKTeX 2.9\tex\generic\pgf\systemlayer\p
gfsys-common-pdf.def"
File: pgfsys-common-pdf.def 2013/10/10  (rcs-revision 1.13)
)))
("C:\Users\USER\AppData\Local\Programs\MiKTeX 2.9\tex\generic\pgf\systemlayer\p
gfsyssoftpath.code.tex"
File: pgfsyssoftpath.code.tex 2013/09/09  (rcs-revision 1.9)
\pgfsyssoftpath@smallbuffer@items=\count156
\pgfsyssoftpath@bigbuffer@items=\count157
)
("C:\Users\USER\AppData\Local\Programs\MiKTeX 2.9\tex\generic\pgf\systemlayer\p
gfsysprotocol.code.tex"
File: pgfsysprotocol.code.tex 2006/10/16  (rcs-revision 1.4)
))
("C:\Users\USER\AppData\Local\Programs\MiKTeX 2.9\tex\generic\pgf\basiclayer\pg
fcore.code.tex"
Package: pgfcore 2010/04/11 v3.0.1a (rcs-revision 1.7)

("C:\Users\USER\AppData\Local\Programs\MiKTeX 2.9\tex\generic\pgf\math\pgfmath.
code.tex"
("C:\Users\USER\AppData\Local\Programs\MiKTeX 2.9\tex\generic\pgf\math\pgfmathc
alc.code.tex"
("C:\Users\USER\AppData\Local\Programs\MiKTeX 2.9\tex\generic\pgf\math\pgfmathu
til.code.tex")
("C:\Users\USER\AppData\Local\Programs\MiKTeX 2.9\tex\generic\pgf\math\pgfmathp
arser.code.tex"
\pgfmath@dimen=\dimen180
\pgfmath@count=\count158
\pgfmath@box=\box70
\pgfmath@toks=\toks45
\pgfmath@stack@operand=\toks46
\pgfmath@stack@operation=\toks47
)
("C:\Users\USER\AppData\Local\Programs\MiKTeX 2.9\tex\generic\pgf\math\pgfmathf
unctions.code.tex"
("C:\Users\USER\AppData\Local\Programs\MiKTeX 2.9\tex\generic\pgf\math\pgfmathf
unctions.basic.code.tex")
("C:\Users\USER\AppData\Local\Programs\MiKTeX 2.9\tex\generic\pgf\math\pgfmathf
unctions.trigonometric.code.tex")
("C:\Users\USER\AppData\Local\Programs\MiKTeX 2.9\tex\generic\pgf\math\pgfmathf
unctions.random.code.tex")
("C:\Users\USER\AppData\Local\Programs\MiKTeX 2.9\tex\generic\pgf\math\pgfmathf
unctions.comparison.code.tex")
("C:\Users\USER\AppData\Local\Programs\MiKTeX 2.9\tex\generic\pgf\math\pgfmathf
unctions.base.code.tex")
("C:\Users\USER\AppData\Local\Programs\MiKTeX 2.9\tex\generic\pgf\math\pgfmathf
unctions.round.code.tex")
("C:\Users\USER\AppData\Local\Programs\MiKTeX 2.9\tex\generic\pgf\math\pgfmathf
unctions.misc.code.tex")
("C:\Users\USER\AppData\Local\Programs\MiKTeX 2.9\tex\generic\pgf\math\pgfmathf
unctions.integerarithmetics.code.tex")))
("C:\Users\USER\AppData\Local\Programs\MiKTeX 2.9\tex\generic\pgf\math\pgfmathf
loat.code.tex"
\c@pgfmathroundto@lastzeros=\count159
))
("C:\Users\USER\AppData\Local\Programs\MiKTeX 2.9\tex\generic\pgf\basiclayer\pg
fcorepoints.code.tex"
File: pgfcorepoints.code.tex 2013/10/07  (rcs-revision 1.27)
\pgf@picminx=\dimen181
\pgf@picmaxx=\dimen182
\pgf@picminy=\dimen183
\pgf@picmaxy=\dimen184
\pgf@pathminx=\dimen185
\pgf@pathmaxx=\dimen186
\pgf@pathminy=\dimen187
\pgf@pathmaxy=\dimen188
\pgf@xx=\dimen189
\pgf@xy=\dimen190
\pgf@yx=\dimen191
\pgf@yy=\dimen192
\pgf@zx=\dimen193
\pgf@zy=\dimen194
)
("C:\Users\USER\AppData\Local\Programs\MiKTeX 2.9\tex\generic\pgf\basiclayer\pg
fcorepathconstruct.code.tex"
File: pgfcorepathconstruct.code.tex 2013/10/07  (rcs-revision 1.29)
\pgf@path@lastx=\dimen195
\pgf@path@lasty=\dimen196
)
("C:\Users\USER\AppData\Local\Programs\MiKTeX 2.9\tex\generic\pgf\basiclayer\pg
fcorepathusage.code.tex"
File: pgfcorepathusage.code.tex 2014/11/02  (rcs-revision 1.24)
\pgf@shorten@end@additional=\dimen197
\pgf@shorten@start@additional=\dimen198
)
("C:\Users\USER\AppData\Local\Programs\MiKTeX 2.9\tex\generic\pgf\basiclayer\pg
fcorescopes.code.tex"
File: pgfcorescopes.code.tex 2015/05/08  (rcs-revision 1.46)
\pgfpic=\box71
\pgf@hbox=\box72
\pgf@layerbox@main=\box73
\pgf@picture@serial@count=\count160
)
("C:\Users\USER\AppData\Local\Programs\MiKTeX 2.9\tex\generic\pgf\basiclayer\pg
fcoregraphicstate.code.tex"
File: pgfcoregraphicstate.code.tex 2014/11/02  (rcs-revision 1.12)
\pgflinewidth=\dimen199
)
("C:\Users\USER\AppData\Local\Programs\MiKTeX 2.9\tex\generic\pgf\basiclayer\pg
fcoretransformations.code.tex"
File: pgfcoretransformations.code.tex 2015/08/07  (rcs-revision 1.20)
\pgf@pt@x=\dimen256
\pgf@pt@y=\dimen257
\pgf@pt@temp=\dimen258
)
("C:\Users\USER\AppData\Local\Programs\MiKTeX 2.9\tex\generic\pgf\basiclayer\pg
fcorequick.code.tex"
File: pgfcorequick.code.tex 2008/10/09  (rcs-revision 1.3)
)
("C:\Users\USER\AppData\Local\Programs\MiKTeX 2.9\tex\generic\pgf\basiclayer\pg
fcoreobjects.code.tex"
File: pgfcoreobjects.code.tex 2006/10/11  (rcs-revision 1.2)
)
("C:\Users\USER\AppData\Local\Programs\MiKTeX 2.9\tex\generic\pgf\basiclayer\pg
fcorepathprocessing.code.tex"
File: pgfcorepathprocessing.code.tex 2013/09/09  (rcs-revision 1.9)
)
("C:\Users\USER\AppData\Local\Programs\MiKTeX 2.9\tex\generic\pgf\basiclayer\pg
fcorearrows.code.tex"
File: pgfcorearrows.code.tex 2015/05/14  (rcs-revision 1.43)
\pgfarrowsep=\dimen259
)
("C:\Users\USER\AppData\Local\Programs\MiKTeX 2.9\tex\generic\pgf\basiclayer\pg
fcoreshade.code.tex"
File: pgfcoreshade.code.tex 2013/07/15  (rcs-revision 1.15)
\pgf@max=\dimen260
\pgf@sys@shading@range@num=\count161
)
("C:\Users\USER\AppData\Local\Programs\MiKTeX 2.9\tex\generic\pgf\basiclayer\pg
fcoreimage.code.tex"
File: pgfcoreimage.code.tex 2013/07/15  (rcs-revision 1.18)

("C:\Users\USER\AppData\Local\Programs\MiKTeX 2.9\tex\generic\pgf\basiclayer\pg
fcoreexternal.code.tex"
File: pgfcoreexternal.code.tex 2014/07/09  (rcs-revision 1.21)
\pgfexternal@startupbox=\box74
))
("C:\Users\USER\AppData\Local\Programs\MiKTeX 2.9\tex\generic\pgf\basiclayer\pg
fcorelayers.code.tex"
File: pgfcorelayers.code.tex 2013/07/18  (rcs-revision 1.7)
)
("C:\Users\USER\AppData\Local\Programs\MiKTeX 2.9\tex\generic\pgf\basiclayer\pg
fcoretransparency.code.tex"
File: pgfcoretransparency.code.tex 2013/09/30  (rcs-revision 1.5)
)
("C:\Users\USER\AppData\Local\Programs\MiKTeX 2.9\tex\generic\pgf\basiclayer\pg
fcorepatterns.code.tex"
File: pgfcorepatterns.code.tex 2013/11/07  (rcs-revision 1.5)
)))
("C:\Users\USER\AppData\Local\Programs\MiKTeX 2.9\tex\generic\pgf\modules\pgfmo
duleshapes.code.tex"
File: pgfmoduleshapes.code.tex 2014/03/21  (rcs-revision 1.35)
\pgfnodeparttextbox=\box75
)
("C:\Users\USER\AppData\Local\Programs\MiKTeX 2.9\tex\generic\pgf\modules\pgfmo
duleplot.code.tex"
File: pgfmoduleplot.code.tex 2015/08/03  (rcs-revision 1.13)
)
("C:\Users\USER\AppData\Local\Programs\MiKTeX 2.9\tex\latex\pgf\compatibility\p
gfcomp-version-0-65.sty"
Package: pgfcomp-version-0-65 2007/07/03 v3.0.1a (rcs-revision 1.7)
\pgf@nodesepstart=\dimen261
\pgf@nodesepend=\dimen262
)
("C:\Users\USER\AppData\Local\Programs\MiKTeX 2.9\tex\latex\pgf\compatibility\p
gfcomp-version-1-18.sty"
Package: pgfcomp-version-1-18 2007/07/23 v3.0.1a (rcs-revision 1.1)
))
("C:\Users\USER\AppData\Local\Programs\MiKTeX 2.9\tex\latex\tools\verbatim.sty"
Package: verbatim 2014/10/28 v1.5q LaTeX2e package for verbatim enhancements
\every@verbatim=\toks48
\verbatim@line=\toks49
\verbatim@in@stream=\read2
)
("C:\Users\USER\AppData\Local\Programs\MiKTeX 2.9\tex\latex\environ\environ.sty
"
Package: environ 2014/05/04 v0.3 A new way to define environments

("C:\Users\USER\AppData\Local\Programs\MiKTeX 2.9\tex\latex\trimspaces\trimspac
es.sty"
Package: trimspaces 2009/09/17 v1.1 Trim spaces around a token list
))
("C:\Users\USER\AppData\Local\Programs\MiKTeX 2.9\tex\latex\etoolbox\etoolbox.s
ty"
Package: etoolbox 2018/08/19 v2.5f e-TeX tools for LaTeX (JAW)
\etb@tempcnta=\count162
)
\tcb@titlebox=\box76
\tcb@upperbox=\box77
\tcb@lowerbox=\box78
\tcb@phantombox=\box79
\c@tcbbreakpart=\count163
\c@tcblayer=\count164
\tcolorbox@number=\count165
\tcb@temp=\box80
\tcb@temp=\box81
\tcb@temp=\box82
\tcb@temp=\box83
\tcb@out=\write4
\tcb@record@out=\write5

("C:\Users\USER\AppData\Local\Programs\MiKTeX 2.9\tex\latex\tcolorbox\tcbraster
.code.tex"
Library (tcolorbox): 'tcbraster.code.tex' version '4.15'
\c@tcbrastercolumn=\count166
\c@tcbrasterrow=\count167
\c@tcbraster=\count168
)
("C:\Users\USER\AppData\Local\Programs\MiKTeX 2.9\tex\latex\tcolorbox\tcbskins.
code.tex"
Library (tcolorbox): 'tcbskins.code.tex' version '4.15'

("C:\Users\USER\AppData\Local\Programs\MiKTeX 2.9\tex\latex\pgf\frontendlayer\t
ikz.sty"
("C:\Users\USER\AppData\Local\Programs\MiKTeX 2.9\tex\latex\pgf\utilities\pgffo
r.sty"
("C:\Users\USER\AppData\Local\Programs\MiKTeX 2.9\tex\latex\pgf\utilities\pgfke
ys.sty"
("C:\Users\USER\AppData\Local\Programs\MiKTeX 2.9\tex\generic\pgf\utilities\pgf
keys.code.tex"))
("C:\Users\USER\AppData\Local\Programs\MiKTeX 2.9\tex\latex\pgf\math\pgfmath.st
y"
("C:\Users\USER\AppData\Local\Programs\MiKTeX 2.9\tex\generic\pgf\math\pgfmath.
code.tex"))
("C:\Users\USER\AppData\Local\Programs\MiKTeX 2.9\tex\generic\pgf\utilities\pgf
for.code.tex"
Package: pgffor 2013/12/13 v3.0.1a (rcs-revision 1.25)

("C:\Users\USER\AppData\Local\Programs\MiKTeX 2.9\tex\generic\pgf\math\pgfmath.
code.tex")
\pgffor@iter=\dimen263
\pgffor@skip=\dimen264
\pgffor@stack=\toks50
\pgffor@toks=\toks51
))
("C:\Users\USER\AppData\Local\Programs\MiKTeX 2.9\tex\generic\pgf\frontendlayer
\tikz\tikz.code.tex"
Package: tikz 2015/08/07 v3.0.1a (rcs-revision 1.151)

("C:\Users\USER\AppData\Local\Programs\MiKTeX 2.9\tex\generic\pgf\libraries\pgf
libraryplothandlers.code.tex"
File: pgflibraryplothandlers.code.tex 2013/08/31 v3.0.1a (rcs-revision 1.20)
\pgf@plot@mark@count=\count169
\pgfplotmarksize=\dimen265
)
\tikz@lastx=\dimen266
\tikz@lasty=\dimen267
\tikz@lastxsaved=\dimen268
\tikz@lastysaved=\dimen269
\tikzleveldistance=\dimen270
\tikzsiblingdistance=\dimen271
\tikz@figbox=\box84
\tikz@figbox@bg=\box85
\tikz@tempbox=\box86
\tikz@tempbox@bg=\box87
\tikztreelevel=\count170
\tikznumberofchildren=\count171
\tikznumberofcurrentchild=\count172
\tikz@fig@count=\count173

("C:\Users\USER\AppData\Local\Programs\MiKTeX 2.9\tex\generic\pgf\modules\pgfmo
dulematrix.code.tex"
File: pgfmodulematrix.code.tex 2013/09/17  (rcs-revision 1.8)
\pgfmatrixcurrentrow=\count174
\pgfmatrixcurrentcolumn=\count175
\pgf@matrix@numberofcolumns=\count176
)
\tikz@expandcount=\count177

("C:\Users\USER\AppData\Local\Programs\MiKTeX 2.9\tex\generic\pgf\frontendlayer
\tikz\libraries\tikzlibrarytopaths.code.tex"
File: tikzlibrarytopaths.code.tex 2008/06/17 v3.0.1a (rcs-revision 1.2)
)))
\tcb@waterbox=\box88

("C:\Users\USER\AppData\Local\Programs\MiKTeX 2.9\tex\latex\tcolorbox\tcbskinsj
igsaw.code.tex"
Library (tcolorbox): 'tcbskinsjigsaw.code.tex' version '4.15'
))
("C:\Users\USER\AppData\Local\Programs\MiKTeX 2.9\tex\latex\tcolorbox\tcbbreaka
ble.code.tex"
Library (tcolorbox): 'tcbbreakable.code.tex' version '4.15'
\tcb@testbox=\box89
\tcb@totalupperbox=\box90
\tcb@totallowerbox=\box91
)
("C:\Users\USER\AppData\Local\Programs\MiKTeX 2.9\tex\latex\tcolorbox\tcbhooks.
code.tex"
Library (tcolorbox): 'tcbhooks.code.tex' version '4.15'
)
("C:\Users\USER\AppData\Local\Programs\MiKTeX 2.9\tex\latex\tcolorbox\tcbtheore
ms.code.tex"
Library (tcolorbox): 'tcbtheorems.code.tex' version '4.15'
)
("C:\Users\USER\AppData\Local\Programs\MiKTeX 2.9\tex\latex\tcolorbox\tcbfittin
g.code.tex"
Library (tcolorbox): 'tcbfitting.code.tex' version '4.15'
\tcbfitdim=\dimen272
\tcb@lowerfitdim=\dimen273
\tcb@upperfitdim=\dimen274
\tcb@cur@hbadness=\count178
)
("C:\Users\USER\AppData\Local\Programs\MiKTeX 2.9\tex\latex\tcolorbox\tcbxparse
.code.tex"
Library (tcolorbox): 'tcbxparse.code.tex' version '4.15'

("C:\Users\USER\AppData\Local\Programs\MiKTeX 2.9\tex\latex\l3packages\xparse\x
parse.sty"
("C:\Users\USER\AppData\Local\Programs\MiKTeX 2.9\tex\latex\l3kernel\expl3.sty"
Package: expl3 2018-12-12 L3 programming layer (loader) 

("C:\Users\USER\AppData\Local\Programs\MiKTeX 2.9\tex\latex\l3kernel\expl3-code
.tex"
Package: expl3 2018-12-12 L3 programming layer (code)
\c_max_int=\count179
\l_tmpa_int=\count180
\l_tmpb_int=\count181
\g_tmpa_int=\count182
\g_tmpb_int=\count183
\g__kernel_prg_map_int=\count184
\c_log_iow=\count185
\l_iow_line_count_int=\count186
\l__iow_line_target_int=\count187
\l__iow_one_indent_int=\count188
\l__iow_indent_int=\count189
\c_zero_dim=\dimen275
\c_max_dim=\dimen276
\l_tmpa_dim=\dimen277
\l_tmpb_dim=\dimen278
\g_tmpa_dim=\dimen279
\g_tmpb_dim=\dimen280
\c_zero_skip=\skip93
\c_max_skip=\skip94
\l_tmpa_skip=\skip95
\l_tmpb_skip=\skip96
\g_tmpa_skip=\skip97
\g_tmpb_skip=\skip98
\c_zero_muskip=\muskip12
\c_max_muskip=\muskip13
\l_tmpa_muskip=\muskip14
\l_tmpb_muskip=\muskip15
\g_tmpa_muskip=\muskip16
\g_tmpb_muskip=\muskip17
\l_keys_choice_int=\count190
\l__intarray_loop_int=\count191
\c__intarray_sp_dim=\dimen281
\g__intarray_font_int=\count192
\c__fp_leading_shift_int=\count193
\c__fp_middle_shift_int=\count194
\c__fp_trailing_shift_int=\count195
\c__fp_big_leading_shift_int=\count196
\c__fp_big_middle_shift_int=\count197
\c__fp_big_trailing_shift_int=\count198
\c__fp_Bigg_leading_shift_int=\count199
\c__fp_Bigg_middle_shift_int=\count266
\c__fp_Bigg_trailing_shift_int=\count267
\c__kernel_randint_max_int=\count268
\g__fp_array_int=\count269
\l__fp_array_loop_int=\count270
\l__sort_length_int=\count271
\l__sort_min_int=\count272
\l__sort_top_int=\count273
\l__sort_max_int=\count274
\l__sort_true_max_int=\count275
\l__sort_block_int=\count276
\l__sort_begin_int=\count277
\l__sort_end_int=\count278
\l__sort_A_int=\count279
\l__sort_B_int=\count280
\l__sort_C_int=\count281
\l__tl_analysis_normal_int=\count282
\l__tl_analysis_index_int=\count283
\l__tl_analysis_nesting_int=\count284
\l__tl_analysis_type_int=\count285
\l__regex_internal_a_int=\count286
\l__regex_internal_b_int=\count287
\l__regex_internal_c_int=\count288
\l__regex_balance_int=\count289
\l__regex_group_level_int=\count290
\l__regex_mode_int=\count291
\c__regex_cs_in_class_mode_int=\count292
\c__regex_cs_mode_int=\count293
\l__regex_catcodes_int=\count294
\l__regex_default_catcodes_int=\count295
\c__regex_catcode_D_int=\count296
\c__regex_catcode_S_int=\count297
\c__regex_catcode_L_int=\count298
\c__regex_catcode_O_int=\count299
\c__regex_catcode_A_int=\count300
\c__regex_all_catcodes_int=\count301
\l__regex_show_lines_int=\count302
\l__regex_min_state_int=\count303
\l__regex_max_state_int=\count304
\l__regex_left_state_int=\count305
\l__regex_right_state_int=\count306
\l__regex_capturing_group_int=\count307
\l__regex_min_pos_int=\count308
\l__regex_max_pos_int=\count309
\l__regex_curr_pos_int=\count310
\l__regex_start_pos_int=\count311
\l__regex_success_pos_int=\count312
\l__regex_curr_char_int=\count313
\l__regex_curr_catcode_int=\count314
\l__regex_last_char_int=\count315
\l__regex_case_changed_char_int=\count316
\l__regex_curr_state_int=\count317
\l__regex_step_int=\count318
\l__regex_min_active_int=\count319
\l__regex_max_active_int=\count320
\l__regex_replacement_csnames_int=\count321
\l__regex_match_count_int=\count322
\l__regex_min_submatch_int=\count323
\l__regex_submatch_int=\count324
\l__regex_zeroth_submatch_int=\count325
\g__regex_trace_regex_int=\count326
\c_empty_box=\box92
\l_tmpa_box=\box93
\l_tmpb_box=\box94
\g_tmpa_box=\box95
\g_tmpb_box=\box96
\l__box_top_dim=\dimen282
\l__box_bottom_dim=\dimen283
\l__box_left_dim=\dimen284
\l__box_right_dim=\dimen285
\l__box_top_new_dim=\dimen286
\l__box_bottom_new_dim=\dimen287
\l__box_left_new_dim=\dimen288
\l__box_right_new_dim=\dimen289
\l__box_internal_box=\box97
\l__coffin_internal_box=\box98
\l__coffin_internal_dim=\dimen290
\l__coffin_offset_x_dim=\dimen291
\l__coffin_offset_y_dim=\dimen292
\l__coffin_x_dim=\dimen293
\l__coffin_y_dim=\dimen294
\l__coffin_x_prime_dim=\dimen295
\l__coffin_y_prime_dim=\dimen296
\c_empty_coffin=\box99
\l__coffin_aligned_coffin=\box100
\l__coffin_aligned_internal_coffin=\box101
\l_tmpa_coffin=\box102
\l_tmpb_coffin=\box103
\l__coffin_display_coffin=\box104
\l__coffin_display_coord_coffin=\box105
\l__coffin_display_pole_coffin=\box106
\l__coffin_display_offset_dim=\dimen297
\l__coffin_display_x_dim=\dimen298
\l__coffin_display_y_dim=\dimen299
\g__file_internal_ior=\read3
\l__coffin_bounding_shift_dim=\dimen300
\l__coffin_left_corner_dim=\dimen301
\l__coffin_right_corner_dim=\dimen302
\l__coffin_bottom_corner_dim=\dimen303
\l__coffin_top_corner_dim=\dimen304
\l__coffin_scaled_total_height_dim=\dimen305
\l__coffin_scaled_width_dim=\dimen306
\l__seq_internal_a_int=\count327
\l__seq_internal_b_int=\count328
)
("C:\Users\USER\AppData\Local\Programs\MiKTeX 2.9\tex\latex\l3kernel\l3pdfmode.
def"
File: l3pdfmode.def 2018-12-12 v L3 Experimental driver: PDF mode
\l__driver_color_stack_int=\count329
))
Package: xparse 2018-10-17 L3 Experimental document command parser
\l__xparse_current_arg_int=\count330
\g__xparse_grabber_int=\count331
\l__xparse_m_args_int=\count332
\l__xparse_mandatory_args_int=\count333
\l__xparse_v_nesting_int=\count334
))
("C:\Users\USER\AppData\Local\Programs\MiKTeX 2.9\tex\latex\tcolorbox\tcblistin
gsutf8.code.tex"
Library (tcolorbox): 'tcblistingsutf8.code.tex' version '4.15'

("C:\Users\USER\AppData\Local\Programs\MiKTeX 2.9\tex\latex\oberdiek\listingsut
f8.sty"
Package: listingsutf8 2016/05/16 v1.3 Allow UTF-8 in listings input (HO)

("C:\Users\USER\AppData\Local\Programs\MiKTeX 2.9\tex\latex\listings\listings.s
ty"
\lst@mode=\count335
\lst@gtempboxa=\box107
\lst@token=\toks52
\lst@length=\count336
\lst@currlwidth=\dimen307
\lst@column=\count337
\lst@pos=\count338
\lst@lostspace=\dimen308
\lst@width=\dimen309
\lst@newlines=\count339
\lst@lineno=\count340
\lst@maxwidth=\dimen310

("C:\Users\USER\AppData\Local\Programs\MiKTeX 2.9\tex\latex\listings\lstmisc.st
y"
File: lstmisc.sty 2018/09/02 1.7 (Carsten Heinz)
\c@lstnumber=\count341
\lst@skipnumbers=\count342
\lst@framebox=\box108
)
("C:\Users\USER\AppData\Local\Programs\MiKTeX 2.9\tex\latex\listings\listings.c
fg"
File: listings.cfg 2018/09/02 1.7 listings configuration
))
Package: listings 2018/09/02 1.7 (Carsten Heinz)

("C:\Users\USER\AppData\Local\Programs\MiKTeX 2.9\tex\generic\oberdiek\stringen
c.sty"
Package: stringenc 2016/05/16 v1.11 Convert strings between diff. encodings (HO
)
))
("C:\Users\USER\AppData\Local\Programs\MiKTeX 2.9\tex\latex\tcolorbox\tcblistin
gs.code.tex"
Library (tcolorbox): 'tcblistings.code.tex' version '4.15'

("C:\Users\USER\AppData\Local\Programs\MiKTeX 2.9\tex\latex\tcolorbox\tcblistin
gscore.code.tex"
Library (tcolorbox): 'tcblistingscore.code.tex' version '4.15'

("C:\Users\USER\AppData\Local\Programs\MiKTeX 2.9\tex\latex\tcolorbox\tcbproces
sing.code.tex"
Library (tcolorbox): 'tcbprocessing.code.tex' version '4.15'
("C:\Users\USER\AppData\Local\Programs\MiKTeX 2.9\tex\latex\tools\shellesc.sty"
Package: shellesc 2016/06/07 v0.02a unified shell escape interface for LaTeX
Package shellesc Info: Restricted shell escape enabled on input line 69.
))
\c@tcblisting=\count343
)))
("C:\Users\USER\AppData\Local\Programs\MiKTeX 2.9\tex\latex\tcolorbox\tcbextern
al.code.tex"
Library (tcolorbox): 'tcbexternal.code.tex' version '4.15'
)
("C:\Users\USER\AppData\Local\Programs\MiKTeX 2.9\tex\latex\tcolorbox\tcbmagazi
ne.code.tex"
Library (tcolorbox): 'tcbmagazine.code.tex' version '4.15'
)
("C:\Users\USER\AppData\Local\Programs\MiKTeX 2.9\tex\latex\tcolorbox\tcbvignet
te.code.tex"
Library (tcolorbox): 'tcbvignette.code.tex' version '4.15'

("C:\Users\USER\AppData\Local\Programs\MiKTeX 2.9\tex\generic\pgf\frontendlayer
\tikz\libraries\tikzlibraryfadings.code.tex"
File: tikzlibraryfadings.code.tex 2009/11/15 v3.0.1a (rcs-revision 1.2)

("C:\Users\USER\AppData\Local\Programs\MiKTeX 2.9\tex\generic\pgf\libraries\pgf
libraryfadings.code.tex"
File: pgflibraryfadings.code.tex 2008/02/07 v3.0.1a (rcs-revision 1.3)
)))
("C:\Users\USER\AppData\Local\Programs\MiKTeX 2.9\tex\latex\tcolorbox\tcbposter
.code.tex"
Library (tcolorbox): 'tcbposter.code.tex' version '4.15'
))
("C:\Users\USER\AppData\Local\Programs\MiKTeX 2.9\tex\latex\glossaries\base\glo
ssaries.sty"
Package: glossaries 2019/01/06 v4.42 (NLCT)

("C:\Users\USER\AppData\Local\Programs\MiKTeX 2.9\tex\latex\mfirstuc\mfirstuc.s
ty"
Package: mfirstuc 2017/11/14 v2.06 (NLCT)
\@glsmfirst=\toks53
\@glsmrest=\toks54
)
("C:\Users\USER\AppData\Local\Programs\MiKTeX 2.9\tex\latex\textcase\textcase.s
ty"
Package: textcase 2004/10/07 v0.07 Text only upper/lower case changing (DPC)
) ("C:\Users\USER\AppData\Local\Programs\MiKTeX 2.9\tex\latex\xfor\xfor.sty"
Package: xfor 2009/02/05 v1.05 (NLCT)
)
("C:\Users\USER\AppData\Local\Programs\MiKTeX 2.9\tex\latex\datatool\datatool-b
ase.sty"
Package: datatool-base 2018/12/07 v2.31 (NLCT)

("C:\Users\USER\AppData\Local\Programs\MiKTeX 2.9\tex\latex\substr\substr.sty"
Package: substr 2009/10/20 v1.2 Handle substrings
\c@su@anzahl=\count344
)
("C:\Users\USER\AppData\Local\Programs\MiKTeX 2.9\tex\latex\datatool\datatool-f
p.sty"
Package: datatool-fp 2018/12/07 v2.31 (NLCT)
 ("C:\Users\USER\AppData\Local\Programs\MiKTeX 2.9\tex\latex\fp\fp.sty"
Package: fp 1995/04/02

`Fixed Point Package', Version 0.8, April 2, 1995 (C) Michael Mehlich
("C:\Users\USER\AppData\Local\Programs\MiKTeX 2.9\tex\latex\fp\defpattern.sty"
Package: defpattern 1994/10/12
\actioncount=\count345
) ("C:\Users\USER\AppData\Local\Programs\MiKTeX 2.9\tex\latex\fp\fp-basic.sty"
Package: fp-basic 1996/05/13
\FP@xs=\count346
\FP@xia=\count347
\FP@xib=\count348
\FP@xfa=\count349
\FP@xfb=\count350
\FP@rega=\count351
\FP@regb=\count352
\FP@regs=\count353
\FP@times=\count354
)
("C:\Users\USER\AppData\Local\Programs\MiKTeX 2.9\tex\latex\fp\fp-addons.sty"
Package: fp-addons 1995/03/15
)
("C:\Users\USER\AppData\Local\Programs\MiKTeX 2.9\tex\latex\fp\fp-snap.sty"
Package: fp-snap 1995/04/05
)
("C:\Users\USER\AppData\Local\Programs\MiKTeX 2.9\tex\latex\fp\fp-exp.sty"
Package: fp-exp 1995/04/03
)
("C:\Users\USER\AppData\Local\Programs\MiKTeX 2.9\tex\latex\fp\fp-trigo.sty"
Package: fp-trigo 1995/04/14
)
("C:\Users\USER\AppData\Local\Programs\MiKTeX 2.9\tex\latex\fp\fp-pas.sty"
Package: fp-pas 1994/08/29
)
("C:\Users\USER\AppData\Local\Programs\MiKTeX 2.9\tex\latex\fp\fp-random.sty"
Package: fp-random 1995/02/23
\FPseed=\count355
)
("C:\Users\USER\AppData\Local\Programs\MiKTeX 2.9\tex\latex\fp\fp-eqn.sty"
Package: fp-eqn 1995/04/03
)
("C:\Users\USER\AppData\Local\Programs\MiKTeX 2.9\tex\latex\fp\fp-upn.sty"
Package: fp-upn 1996/10/21
)
("C:\Users\USER\AppData\Local\Programs\MiKTeX 2.9\tex\latex\fp\fp-eval.sty"
Package: fp-eval 1995/04/03
)))
\@dtl@toks=\toks55
\@dtl@tmpcount=\count356
\dtl@tmplength=\skip99
\dtl@sortresult=\count357
\@dtl@numgrpsepcount=\count358
\@dtl@datatype=\count359
\dtl@codeA=\count360
\dtl@codeB=\count361
\@dtl@foreach@level=\count362
)
("C:\Users\USER\AppData\Local\Programs\MiKTeX 2.9\tex\latex\glossaries\base\glo
ssaries-compatible-307.sty"
Package: glossaries-compatible-307 2019/01/06 v4.42 (NLCT)
)
("C:\Users\USER\AppData\Local\Programs\MiKTeX 2.9\tex\latex\tracklang\tracklang
.sty"
Package: tracklang 2018/05/13 v1.3.6 (NLCT) Track Languages

("C:\Users\USER\AppData\Local\Programs\MiKTeX 2.9\tex\generic\tracklang\trackla
ng.tex"))
("C:\Users\USER\AppData\Local\Programs\MiKTeX 2.9\tex\latex\translator\translat
or.sty"
Package: translator 2018/01/04 v1.12 Easy translation of strings in LaTeX
)
("C:\Users\USER\AppData\Local\Programs\MiKTeX 2.9\tex\latex\glossaries-french\g
lossaries-french.ldf"
File: glossaries-french.ldf 2016/12/12 v1.1
)
\gls@level=\count363
\@gls@tmpb=\toks56
\gls@tmplen=\skip100
\glskeylisttok=\toks57
\glslabeltok=\toks58
\glsshorttok=\toks59
\glslongtok=\toks60

("C:\Users\USER\AppData\Local\Programs\MiKTeX 2.9\tex\latex\glossaries\styles\g
lossary-hypernav.sty"
Package: glossary-hypernav 2019/01/06 v4.42 (NLCT)
)
("C:\Users\USER\AppData\Local\Programs\MiKTeX 2.9\tex\latex\glossaries\styles\g
lossary-list.sty"
Package: glossary-list 2019/01/06 v4.42 (NLCT)
\glslistdottedwidth=\skip101
)
("C:\Users\USER\AppData\Local\Programs\MiKTeX 2.9\tex\latex\glossaries\styles\g
lossary-long.sty"
Package: glossary-long 2019/01/06 v4.42 (NLCT)

("C:\Users\USER\AppData\Local\Programs\MiKTeX 2.9\tex\latex\tools\longtable.sty
"
Package: longtable 2014/10/28 v4.11 Multi-page Table package (DPC)
\LTleft=\skip102
\LTright=\skip103
\LTpre=\skip104
\LTpost=\skip105
\LTchunksize=\count364
\LTcapwidth=\dimen311
\LT@head=\box109
\LT@firsthead=\box110
\LT@foot=\box111
\LT@lastfoot=\box112
\LT@cols=\count365
\LT@rows=\count366
\c@LT@tables=\count367
\c@LT@chunks=\count368
\LT@p@ftn=\toks61
)
\glsdescwidth=\skip106
\glspagelistwidth=\skip107
)
("C:\Users\USER\AppData\Local\Programs\MiKTeX 2.9\tex\latex\glossaries\styles\g
lossary-super.sty"
Package: glossary-super 2019/01/06 v4.42 (NLCT)

("C:\Users\USER\AppData\Local\Programs\MiKTeX 2.9\tex\latex\supertabular\supert
abular.sty"
Package: supertabular 2004/02/20 v4.1e the supertabular environment
\c@tracingst=\count369
\ST@wd=\dimen312
\ST@rightskip=\skip108
\ST@leftskip=\skip109
\ST@parfillskip=\skip110
\ST@pageleft=\dimen313
\ST@headht=\dimen314
\ST@tailht=\dimen315
\ST@pagesofar=\dimen316
\ST@pboxht=\dimen317
\ST@lineht=\dimen318
\ST@stretchht=\dimen319
\ST@prevht=\dimen320
\ST@toadd=\dimen321
\ST@dimen=\dimen322
\ST@pbox=\box113
))
("C:\Users\USER\AppData\Local\Programs\MiKTeX 2.9\tex\latex\glossaries\styles\g
lossary-tree.sty"
Package: glossary-tree 2019/01/06 v4.42 (NLCT)
\glstreeindent=\skip111
))
("C:\Users\USER\AppData\Local\Programs\MiKTeX 2.9\tex\latex\appendix\appendix.s
ty"
Package: appendix 2009/09/02 v1.2b extra appendix facilities
\c@@pps=\count370
\c@@ppsavesec=\count371
\c@@ppsaveapp=\count372
)
\glswrite=\write6
\glo@main@file=\write7
\openout7 = `psq19_Bousbiat_Hafsa_Ihadadene_Sana_SIQ.glo'.

Package glossaries Info: Writing glossary file psq19_Bousbiat_Hafsa_Ihadadene_S
ana_SIQ.glo on input line 106.
\glo@acronym@file=\write8
\openout8 = `psq19_Bousbiat_Hafsa_Ihadadene_Sana_SIQ.acn'.

Package glossaries Info: Writing glossary file psq19_Bousbiat_Hafsa_Ihadadene_S
ana_SIQ.acn on input line 106.
 (psq19_Bousbiat_Hafsa_Ihadadene_Sana_SIQ.aux

LaTeX Warning: Label `notk2grace' multiply defined.


LaTeX Warning: Label `comgen' multiply defined.

)
\openout1 = `psq19_Bousbiat_Hafsa_Ihadadene_Sana_SIQ.aux'.

LaTeX Font Info:    Checking defaults for OML/txmi/m/it on input line 108.
LaTeX Font Info:    Try loading font information for OML+txmi on input line 108
.
 ("C:\Users\USER\AppData\Local\Programs\MiKTeX 2.9\tex\latex\txfonts\omltxmi.fd
"
File: omltxmi.fd 2000/12/15 v3.1
)
LaTeX Font Info:    ... okay on input line 108.
LaTeX Font Info:    Checking defaults for T1/cmr/m/n on input line 108.
LaTeX Font Info:    ... okay on input line 108.
LaTeX Font Info:    Checking defaults for OT1/cmr/m/n on input line 108.
LaTeX Font Info:    ... okay on input line 108.
LaTeX Font Info:    Checking defaults for OMS/txsy/m/n on input line 108.
LaTeX Font Info:    Try loading font information for OMS+txsy on input line 108
.

("C:\Users\USER\AppData\Local\Programs\MiKTeX 2.9\tex\latex\txfonts\omstxsy.fd"
File: omstxsy.fd 2000/12/15 v3.1
)
LaTeX Font Info:    ... okay on input line 108.
LaTeX Font Info:    Checking defaults for OMX/txex/m/n on input line 108.
LaTeX Font Info:    Try loading font information for OMX+txex on input line 108
.
 ("C:\Users\USER\AppData\Local\Programs\MiKTeX 2.9\tex\latex\txfonts\omxtxex.fd
"
File: omxtxex.fd 2000/12/15 v3.1
)
LaTeX Font Info:    ... okay on input line 108.
LaTeX Font Info:    Checking defaults for U/txexa/m/n on input line 108.
LaTeX Font Info:    Try loading font information for U+txexa on input line 108.


("C:\Users\USER\AppData\Local\Programs\MiKTeX 2.9\tex\latex\txfonts\utxexa.fd"
File: utxexa.fd 2000/12/15 v3.1
)
LaTeX Font Info:    ... okay on input line 108.
LaTeX Font Info:    Checking defaults for PD1/pdf/m/n on input line 108.
LaTeX Font Info:    ... okay on input line 108.
LaTeX Font Info:    Try loading font information for T1+txr on input line 108.
("C:\Users\USER\AppData\Local\Programs\MiKTeX 2.9\tex\latex\txfonts\t1txr.fd"
File: t1txr.fd 2000/12/15 v3.1
)
LaTeX Info: Redefining \degres on input line 108.
LaTeX Info: Redefining \dots on input line 108.


Package french.ldf Warning: Please load the "natbib" package
(french.ldf)                BEFORE babel/french; reported on input line 108.

Package french.ldf Info: Setting StandardItemizeEnv=true for
(french.ldf)             compatibility with enumitem package,
(french.ldf)             reported on input line 108.
Package french.ldf Info: Setting StandardEnumerateEnv=true for
(french.ldf)             compatibility with enumitem package,
(french.ldf)             reported on input line 108.
LaTeX Info: Redefining \up on input line 108.

("C:\Users\USER\AppData\Local\Programs\MiKTeX 2.9\tex\context\base\supp-pdf.mki
i"
[Loading MPS to PDF converter (version 2006.09.02).]
\scratchcounter=\count373
\scratchdimen=\dimen323
\scratchbox=\box114
\nofMPsegments=\count374
\nofMParguments=\count375
\everyMPshowfont=\toks62
\MPscratchCnt=\count376
\MPscratchDim=\dimen324
\MPnumerator=\count377
\makeMPintoPDFobject=\count378
\everyMPtoPDFconversion=\toks63
)
*geometry* driver: auto-detecting
*geometry* detected driver: pdftex
*geometry* verbose mode - [ preamble ] result:
* driver: pdftex
* paper: a4paper
* layout: <same size as paper>
* layoutoffset:(h,v)=(0.0pt,0.0pt)
* modes: 
* h-part:(L,W,R)=(71.13188pt, 455.24411pt, 71.13188pt)
* v-part:(T,H,B)=(71.13188pt, 702.78308pt, 71.13188pt)
* \paperwidth=597.50787pt
* \paperheight=845.04684pt
* \textwidth=455.24411pt
* \textheight=702.78308pt
* \oddsidemargin=-1.1381pt
* \evensidemargin=-1.1381pt
* \topmargin=-38.1381pt
* \headheight=12.0pt
* \headsep=25.0pt
* \topskip=12.0pt
* \footskip=30.0pt
* \marginparwidth=35.0pt
* \marginparsep=10.0pt
* \columnsep=10.0pt
* \skip\footins=10.8pt plus 4.0pt minus 2.0pt
* \hoffset=0.0pt
* \voffset=0.0pt
* \mag=1000
* \@twocolumnfalse
* \@twosidefalse
* \@mparswitchfalse
* \@reversemarginfalse
* (1in=72.27pt=25.4mm, 1cm=28.453pt)

\AtBeginShipoutBox=\box115
Package hyperref Info: Link coloring OFF on input line 108.

("C:\Users\USER\AppData\Local\Programs\MiKTeX 2.9\tex\latex\hyperref\nameref.st
y"
Package: nameref 2016/05/21 v2.44 Cross-referencing by name of section

("C:\Users\USER\AppData\Local\Programs\MiKTeX 2.9\tex\generic\oberdiek\gettitle
string.sty"
Package: gettitlestring 2016/05/16 v1.5 Cleanup title references (HO)
)
\c@section@level=\count379
)
LaTeX Info: Redefining \ref on input line 108.
LaTeX Info: Redefining \pageref on input line 108.
LaTeX Info: Redefining \nameref on input line 108.
 (psq19_Bousbiat_Hafsa_Ihadadene_Sana_SIQ.out)
(psq19_Bousbiat_Hafsa_Ihadadene_Sana_SIQ.out)
\@outlinefile=\write9
\openout9 = `psq19_Bousbiat_Hafsa_Ihadadene_Sana_SIQ.out'.


ABD: EveryShipout initializing macros
\c@lstlisting=\count380

(psq19_Bousbiat_Hafsa_Ihadadene_Sana_SIQ.glsdefs) (title_psq.tex
*geometry* verbose mode - [ newgeometry ] result:
* driver: pdftex
* paper: a4paper
* layout: <same size as paper>
* layoutoffset:(h,v)=(0.0pt,0.0pt)
* modes: 
* h-part:(L,W,R)=(56.9055pt, 483.69687pt, 56.9055pt)
* v-part:(T,H,B)=(0.0pt, 845.04684pt, 0.0pt)
* \paperwidth=597.50787pt
* \paperheight=845.04684pt
* \textwidth=483.69687pt
* \textheight=845.04684pt
* \oddsidemargin=-15.36449pt
* \evensidemargin=-15.36449pt
* \topmargin=-109.26999pt
* \headheight=12.0pt
* \headsep=25.0pt
* \topskip=12.0pt
* \footskip=30.0pt
* \marginparwidth=35.0pt
* \marginparsep=10.0pt
* \columnsep=10.0pt
* \skip\footins=10.8pt plus 4.0pt minus 2.0pt
* \hoffset=0.0pt
* \voffset=0.0pt
* \mag=1000
* \@twocolumnfalse
* \@twosidefalse
* \@mparswitchfalse
* \@reversemarginfalse
* (1in=72.27pt=25.4mm, 1cm=28.453pt)

<./ressources/image/ESI.png, id=361, 651.43375pt x 190.7125pt>
File: ./ressources/image/ESI.png Graphic file (type png)
<use ./ressources/image/ESI.png>
Package pdftex.def Info: ./ressources/image/ESI.png  used on input line 10.
(pdftex.def)             Requested size: 488.5741pt x 143.03401pt.

Overfull \hbox (4.87723pt too wide) in paragraph at lines 10--11
[][] 
 []


Underfull \hbox (badness 10000) in paragraph at lines 10--11

 []

[1

\openout6 = `psq19_Bousbiat_Hafsa_Ihadadene_Sana_SIQ.ist'.


{C:/Users/USER/AppData/Local/MiKTeX/2.9/pdftex/config/pdftex.map} <./ressources
/image/ESI.png>]) (Remerciement.tex
Underfull \hbox (badness 10000) in paragraph at lines 12--13

 []


Underfull \hbox (badness 10000) in paragraph at lines 15--17

 []


Underfull \hbox (badness 10000) in paragraph at lines 20--21

 []


Underfull \hbox (badness 10000) in paragraph at lines 23--24

 []


Package Fancyhdr Warning: \fancyhf's `E' option without twoside option is usele
ss on input line 27.

pdfTeX warning (ext4): destination with the same identifier (name{page.I}) has 
been already used, duplicate ignored
<to be read again> 
                   \relax 
l.27 \newpage
              [1

]) (abstract_psq.tex
Underfull \hbox (badness 10000) in paragraph at lines 14--15

 []

LaTeX Font Info:    Try loading font information for OT1+txr on input line 16.
("C:\Users\USER\AppData\Local\Programs\MiKTeX 2.9\tex\latex\txfonts\ot1txr.fd"
File: ot1txr.fd 2000/12/15 v3.1
)
LaTeX Font Info:    Try loading font information for U+txsya on input line 16.
("C:\Users\USER\AppData\Local\Programs\MiKTeX 2.9\tex\latex\txfonts\utxsya.fd"
File: utxsya.fd 2000/12/15 v3.1
)
LaTeX Font Info:    Try loading font information for U+txsyb on input line 16.
("C:\Users\USER\AppData\Local\Programs\MiKTeX 2.9\tex\latex\txfonts\utxsyb.fd"
File: utxsyb.fd 2000/12/15 v3.1
)
LaTeX Font Info:    Try loading font information for U+txmia on input line 16.
("C:\Users\USER\AppData\Local\Programs\MiKTeX 2.9\tex\latex\txfonts\utxmia.fd"
File: utxmia.fd 2000/12/15 v3.1
)
LaTeX Font Info:    Try loading font information for U+txsyc on input line 16.
("C:\Users\USER\AppData\Local\Programs\MiKTeX 2.9\tex\latex\txfonts\utxsyc.fd"
File: utxsyc.fd 2000/12/15 v3.1
)
Underfull \hbox (badness 10000) in paragraph at lines 16--17

 []


Underfull \hbox (badness 10000) in paragraph at lines 18--19

 []


Package Fancyhdr Warning: \fancyhf's `E' option without twoside option is usele
ss on input line 20.

[2]
Underfull \hbox (badness 10000) in paragraph at lines 32--33

 []


Underfull \hbox (badness 10000) in paragraph at lines 34--35

 []


Underfull \hbox (badness 10000) in paragraph at lines 36--37

 []


Package Fancyhdr Warning: \fancyhf's `E' option without twoside option is usele
ss on input line 38.

[3])

Package Fancyhdr Warning: \fancyhf's `E' option without twoside option is usele
ss on input line 121.

(psq19_Bousbiat_Hafsa_Ihadadene_Sana_SIQ.toc

Package Fancyhdr Warning: \fancyhf's `E' option without twoside option is usele
ss on input line 31.

[4

] [5])
\tf@toc=\write10
\openout10 = `psq19_Bousbiat_Hafsa_Ihadadene_Sana_SIQ.toc'.

 [6] (psq19_Bousbiat_Hafsa_Ihadadene_Sana_SIQ.lof

Package Fancyhdr Warning: \fancyhf's `E' option without twoside option is usele
ss on input line 37.

[7

])
\tf@lof=\write11
\openout11 = `psq19_Bousbiat_Hafsa_Ihadadene_Sana_SIQ.lof'.

 [8] (psq19_Bousbiat_Hafsa_Ihadadene_Sana_SIQ.lot)
\tf@lot=\write12
\openout12 = `psq19_Bousbiat_Hafsa_Ihadadene_Sana_SIQ.lot'.


(psq19_Bousbiat_Hafsa_Ihadadene_Sana_SIQ.gls)
(psq19_Bousbiat_Hafsa_Ihadadene_Sana_SIQ.acr

Package Fancyhdr Warning: \fancyhf's `E' option without twoside option is usele
ss on input line 1.

[9


])

Package Fancyhdr Warning: \fancyhf's `E' option without twoside option is usele
ss on input line 144.

[10


]
Underfull \hbox (badness 10000) in paragraph at lines 152--156

 []


Underfull \hbox (badness 10000) in paragraph at lines 157--158

 []


Underfull \hbox (badness 10000) in paragraph at lines 159--160

 []


Underfull \hbox (badness 10000) in paragraph at lines 161--162

 []

\@gls@deffile=\write13
\openout13 = `psq19_Bousbiat_Hafsa_Ihadadene_Sana_SIQ.glsdefs'.


Underfull \hbox (badness 10000) in paragraph at lines 163--170

 []


Package Fancyhdr Warning: \fancyhf's `E' option without twoside option is usele
ss on input line 173.

[1

] [2]

Package Fancyhdr Warning: \fancyhf's `E' option without twoside option is usele
ss on input line 185.

[3


]
Chapitre 1.
(ChapitresPFE/TheorieDesGraphes/TheorieDesGraphes.tex
(Chapitres/TheorieDesGraphes/GrapheNonOrientee.tex

LaTeX Warning: Command \textellipsis invalid in math mode on input line 3.


Package Fancyhdr Warning: \fancyhf's `E' option without twoside option is usele
ss on input line 18.

[4

]
<./ressources/image/graphNonOriente.png, id=713, 328.75764pt x 333.00882pt>
File: ./ressources/image/graphNonOriente.png Graphic file (type png)
<use ./ressources/image/graphNonOriente.png>
Package pdftex.def Info: ./ressources/image/graphNonOriente.png  used on input 
line 29.
(pdftex.def)             Requested size: 130.00081pt x 119.99994pt.

Underfull \hbox (badness 10000) in paragraph at lines 23--33

 []


Package Fancyhdr Warning: \headheight is too small (12.0pt): 
 Make it at least 15.13202pt.
 We now make it that large for the rest of the document.
 This may cause the page layout to be inconsistent, however.

[5 <./ressources/image/graphNonOriente.png>])
(Chapitres/TheorieDesGraphes/GrapheOrientee.tex
<./ressources/image/RepDiGraphe.png, id=749, 1204.5pt x 797.98125pt>
File: ./ressources/image/RepDiGraphe.png Graphic file (type png)
<use ./ressources/image/RepDiGraphe.png>
Package pdftex.def Info: ./ressources/image/RepDiGraphe.png  used on input line
 38.
(pdftex.def)             Requested size: 180.6672pt x 119.69202pt.
 [6 <./ressources/image/RepDiGraphe.png>]) (Chapitres/TheorieDesGraphes/Connexi
te.tex)
(Chapitres/TheorieDesGraphes/GraphTypes.tex [7])
(Chapitres/TheorieDesGraphes/PartialAndSubGraph.tex
Overfull \hbox (1.6666pt too wide) in paragraph at lines 28--30
\T1/txr/m/n/12 som-met cen-tral (dit \T1/txr/m/it/12 hub\T1/txr/m/n/12 ) uni-qu
e-ment et $\OML/txmi/m/it/12 V[]$ \T1/txr/m/n/12 contient le reste des nuds (d
its \T1/txr/m/it/12 spokes\T1/txr/m/n/12 )([]Koutra
 []

) (Chapitres/TheorieDesGraphes/structRep.tex [8]
<./ressources/image/graphAdjace.png, id=817, 361.35pt x 306.0847pt>
File: ./ressources/image/graphAdjace.png Graphic file (type png)
<use ./ressources/image/graphAdjace.png>
Package pdftex.def Info: ./ressources/image/graphAdjace.png  used on input line
 31.
(pdftex.def)             Requested size: 109.9993pt x 99.99944pt.
<./ressources/image/matriceAdjac.png, id=818, 143.3355pt x 72.87225pt>
File: ./ressources/image/matriceAdjac.png Graphic file (type png)
<use ./ressources/image/matriceAdjac.png>
Package pdftex.def Info: ./ressources/image/matriceAdjac.png  used on input lin
e 38.
(pdftex.def)             Requested size: 140.00632pt x 110.0064pt.
 [9 <./ressources/image/graphAdjace.png> <./ressources/image/matriceAdjac.png>]
<./ressources/image/graphIncid.png, id=836, 410.94705pt x 365.60118pt>
File: ./ressources/image/graphIncid.png Graphic file (type png)
<use ./ressources/image/graphIncid.png>
Package pdftex.def Info: ./ressources/image/graphIncid.png  used on input line 
74.
(pdftex.def)             Requested size: 109.99779pt x 99.99672pt.
<./ressources/image/matriceIncid.png, id=837, 192.11775pt x 101.178pt>
File: ./ressources/image/matriceIncid.png Graphic file (type png)
<use ./ressources/image/matriceIncid.png>
Package pdftex.def Info: ./ressources/image/matriceIncid.png  used on input lin
e 81.
(pdftex.def)             Requested size: 140.00441pt x 110.00546pt.
File: ./ressources/image/graphAdjace.png Graphic file (type png)
<use ./ressources/image/graphAdjace.png>
Package pdftex.def Info: ./ressources/image/graphAdjace.png  used on input line
 99.
(pdftex.def)             Requested size: 109.9993pt x 99.99944pt.
<./ressources/image/listeAdjace.png, id=844, 362.76706pt x 294.74823pt>
File: ./ressources/image/listeAdjace.png Graphic file (type png)
<use ./ressources/image/listeAdjace.png>
Package pdftex.def Info: ./ressources/image/listeAdjace.png  used on input line
 106.
(pdftex.def)             Requested size: 139.9951pt x 109.9996pt.
 [10 <./ressources/image/graphIncid.png> <./ressources/image/matriceIncid.png>]
)
(Chapitres/TheorieDesGraphes/ApplicationDomain.tex) [11 <./ressources/image/lis
teAdjace.png>]) [12]
Chapitre 2.
(ChapitresPFE/CompressionDesGraphes/datacompression.tex)
(ChapitresPFE/CompressionDesGraphes/CompressionAppliquee.tex

Package Fancyhdr Warning: \fancyhf's `E' option without twoside option is usele
ss on input line 4.

[13

]) (ChapitresPFE/CompressionDesGraphes/TypeDeCompression.tex
<./ressources/image/SansPerte.png, id=885, 2441.12pt x 321.2pt>
File: ./ressources/image/SansPerte.png Graphic file (type png)
<use ./ressources/image/SansPerte.png>
Package pdftex.def Info: ./ressources/image/SansPerte.png  used on input line 8
.
(pdftex.def)             Requested size: 366.1522pt x 48.17792pt.


LaTeX Warning: `h' float specifier changed to `ht'.

[14]
<./ressources/image/AvecPerte.png, id=895, 2445.135pt x 325.215pt>
File: ./ressources/image/AvecPerte.png Graphic file (type png)
<use ./ressources/image/AvecPerte.png>
Package pdftex.def Info: ./ressources/image/AvecPerte.png  used on input line 1
8.
(pdftex.def)             Requested size: 366.75443pt x 48.78014pt.
) (ChapitresPFE/CompressionDesGraphes/MOE.tex [15 <./ressources/image/SansPerte
.png> <./ressources/image/AvecPerte.png>])
(ChapitresPFE/CompressionDesGraphes/classification.tex
Underfull \hbox (badness 10000) in paragraph at lines 1--2

 []


Overfull \hbox (6.32147pt too wide) in paragraph at lines 3--5
[]\T1/txr/m/n/12 Dans ([]Ma-neth and Pe-ter-nek[], []2015[]), les au-teurs pro-
posent une clas-si-fi-ca-tion ba-se tout d'abord
 []


Underfull \hbox (badness 10000) in paragraph at lines 3--5

 []

[16]
Underfull \hbox (badness 10000) in paragraph at lines 6--9

 []

<./ressources/image/xx.jpg, id=955, 677.53125pt x 380.92313pt>
File: ./ressources/image/xx.jpg Graphic file (type jpg)
<use ./ressources/image/xx.jpg>
Package pdftex.def Info: ./ressources/image/xx.jpg  used on input line 17.
(pdftex.def)             Requested size: 440.39009pt x 247.59709pt.

Underfull \hbox (badness 10000) in paragraph at lines 11--20

 []

[17] [18 <./ressources/image/xx.jpg>]
<./ressources/image/Classification.png, id=982, 818.45775pt x 532.53957pt>
File: ./ressources/image/Classification.png Graphic file (type png)
<use ./ressources/image/Classification.png>
Package pdftex.def Info: ./ressources/image/Classification.png  used on input l
ine 44.
(pdftex.def)             Requested size: 450.15315pt x 292.89766pt.
 [19])

Package hyperref Warning: Token not allowed in a PDF string (PDFDocEncoding):
(hyperref)                removing `math shift' on input line 220.


Package hyperref Warning: Token not allowed in a PDF string (PDFDocEncoding):
(hyperref)                removing `superscript' on input line 220.


Package hyperref Warning: Token not allowed in a PDF string (PDFDocEncoding):
(hyperref)                removing `math shift' on input line 220.

(ChapitresPFE/k2_trees/K2-trees.tex
Underfull \hbox (badness 10000) in paragraph at lines 1--2

 []


Underfull \hbox (badness 10000) in paragraph at lines 6--8

 []

[20 <./ressources/image/Classification.png>]
<./ressources/image/k2-trees.png, id=1013, 702.2235pt x 285.4665pt>
File: ./ressources/image/k2-trees.png Graphic file (type png)
<use ./ressources/image/k2-trees.png>
Package pdftex.def Info: ./ressources/image/k2-trees.png  used on input line 15
.
(pdftex.def)             Requested size: 450.00012pt x 200.00812pt.

Underfull \hbox (badness 10000) in paragraph at lines 22--24

 []


Underfull \hbox (badness 10000) in paragraph at lines 28--29

 []


Underfull \hbox (badness 10000) in paragraph at lines 30--32

 []

[21 <./ressources/image/k2-trees.png>]
Underfull \hbox (badness 10000) in paragraph at lines 33--34

 []


Underfull \hbox (badness 10000) in paragraph at lines 39--43

 []

[22]
<./ressources/image/dk2-trees.jpg, id=1051, 461.3235pt x 399.29175pt>
File: ./ressources/image/dk2-trees.jpg Graphic file (type jpg)
<use ./ressources/image/dk2-trees.jpg>
Package pdftex.def Info: ./ressources/image/dk2-trees.jpg  used on input line 5
4.
(pdftex.def)             Requested size: 322.92424pt x 279.50232pt.
 [23 <./ressources/image/dk2-trees.jpg>]
<./ressources/image/kn-trees.png, id=1062, 443.256pt x 148.75575pt>
File: ./ressources/image/kn-trees.png Graphic file (type png)
<use ./ressources/image/kn-trees.png>
Package pdftex.def Info: ./ressources/image/kn-trees.png  used on input line 67
.
(pdftex.def)             Requested size: 380.00235pt x 100.00175pt.
 [24 <./ressources/image/kn-trees.png>]
Overfull \hbox (10.84474pt too wide) in paragraph at lines 89--90
[]\T1/txr/m/n/12 La fi-gure []2.8[] illustre une re-pr-sen-ta-tion $\OML/txmi/
m/it/12 k[]$\T1/txr/m/n/12 -tress1 avec les quatre en-co-dages ([]de Ber-nardo 
Roca[],
 []

<./ressources/image/k2-trees1.png, id=1078, 874.467pt x 546.24075pt>
File: ./ressources/image/k2-trees1.png Graphic file (type png)
<use ./ressources/image/k2-trees1.png>
Package pdftex.def Info: ./ressources/image/k2-trees1.png  used on input line 9
4.
(pdftex.def)             Requested size: 450.00194pt x 300.00826pt.

Underfull \hbox (badness 10000) in paragraph at lines 103--104

 []


Underfull \hbox (badness 10000) in paragraph at lines 105--113

 []

[25 <./ressources/image/k2-trees1.png>]
<./ressources/image/k2-trees-delta.png, id=1093, 781.11826pt x 376.40625pt>
File: ./ressources/image/k2-trees-delta.png Graphic file (type png)
<use ./ressources/image/k2-trees-delta.png>
Package pdftex.def Info: ./ressources/image/k2-trees-delta.png  used on input l
ine 123.
(pdftex.def)             Requested size: 380.00995pt x 150.0027pt.
<./ressources/image/k2-treaps.png, id=1105, 784.1295pt x 439.04025pt>
File: ./ressources/image/k2-treaps.png Graphic file (type png)
<use ./ressources/image/k2-treaps.png>
Package pdftex.def Info: ./ressources/image/k2-treaps.png  used on input line 1
38.
(pdftex.def)             Requested size: 379.99127pt x 199.9981pt.
 [26 <./ressources/image/k2-trees-delta.png>]
<./ressources/image/k2-treaps-structure.png, id=1120, 943.1235pt x 415.5525pt>
File: ./ressources/image/k2-treaps-structure.png Graphic file (type png)
<use ./ressources/image/k2-treaps-structure.png>
Package pdftex.def Info: ./ressources/image/k2-treaps-structure.png  used on in
put line 156.
(pdftex.def)             Requested size: 380.00577pt x 200.00189pt.
 [27 <./ressources/image/k2-treaps.png>]
<./ressources/image/Ik2-trees.png, id=1131, 493.24275pt x 345.08925pt>
File: ./ressources/image/Ik2-trees.png Graphic file (type png)
<use ./ressources/image/Ik2-trees.png>
Package pdftex.def Info: ./ressources/image/Ik2-trees.png  used on input line 1
68.
(pdftex.def)             Requested size: 271.28435pt x 189.79967pt.
 [28 <./ressources/image/k2-treaps-structure.png> <./ressources/image/Ik2-trees
.png>]
<./ressources/image/Ik2-trees-diff.png, id=1145, 451.08525pt x 431.211pt>
File: ./ressources/image/Ik2-trees-diff.png Graphic file (type png)
<use ./ressources/image/Ik2-trees-diff.png>
Package pdftex.def Info: ./ressources/image/Ik2-trees-diff.png  used on input l
ine 180.
(pdftex.def)             Requested size: 360.8687pt x 344.96927pt.
<./ressources/image/k2-trees-att-graphe.png, id=1151, 490.2315pt x 413.1435pt>
File: ./ressources/image/k2-trees-att-graphe.png Graphic file (type png)
<use ./ressources/image/k2-trees-att-graphe.png>
Package pdftex.def Info: ./ressources/image/k2-trees-att-graphe.png  used on in
put line 192.
(pdftex.def)             Requested size: 280.00336pt x 199.9961pt.
 [29 <./ressources/image/Ik2-trees-diff.png>] [30 <./ressources/image/k2-trees-
att-graphe.png>]
<./ressources/image/k2-trees-att-schema.png, id=1168, 369.17924pt x 485.4135pt>

File: ./ressources/image/k2-trees-att-schema.png Graphic file (type png)
<use ./ressources/image/k2-trees-att-schema.png>
Package pdftex.def Info: ./ressources/image/k2-trees-att-schema.png  used on in
put line 214.
(pdftex.def)             Requested size: 258.4237pt x 339.78712pt.
<./ressources/image/k2-trees-att-relation.png, id=1173, 555.2745pt x 334.24875p
t>
File: ./ressources/image/k2-trees-att-relation.png Graphic file (type png)
<use ./ressources/image/k2-trees-att-relation.png>
Package pdftex.def Info: ./ressources/image/k2-trees-att-relation.png  used on 
input line 230.
(pdftex.def)             Requested size: 280.00894pt x 200.00507pt.
 [31 <./ressources/image/k2-trees-att-schema.png>]) (ChapitresPFE/k2_trees/SynK
2.tex
[32 <./ressources/image/k2-trees-att-relation.png>] [33]
Underfull \hbox (badness 10000) in paragraph at lines 21--22

 []


LaTeX Warning: Float too large for page by 4.09364pt on input line 93.

[34]
Overfull \hbox (4.47682pt too wide) in paragraph at lines 146--147
[]\T1/txr/m/n/12 CommNet 
 []


Overfull \hbox (4.47682pt too wide) in paragraph at lines 158--159
[]\T1/txr/m/n/12 CommNet 
 []


Underfull \hbox (badness 10000) in paragraph at lines 176--177
[]\T1/txr/m/n/12 Movielen-
 []


Overfull \hbox (4.28482pt too wide) in paragraph at lines 193--194
[]\T1/txr/m/n/12 Movielen-
 []


LaTeX Warning: Float too large for page by 18.44156pt on input line 205.

[35]) (ChapitresPFE/ExtractionMotifs/EM.tex [36




]
Overfull \hbox (4.92726pt too wide) in paragraph at lines 20--20
 []|\T1/txr/m/n/10 Chevau- 
 []

LaTeX Font Info:    Try loading font information for OMS+txr on input line 21.
("C:\Users\USER\AppData\Local\Programs\MiKTeX 2.9\tex\latex\txfonts\omstxr.fd"
File: omstxr.fd 2000/12/15 v3.1
)
LaTeX Font Info:    Font shape `OMS/txr/m/n' in size <10> not available
(Font)              Font shape `OMS/txsy/m/n' tried instead on input line 21.

Overfull \hbox (16.64157pt too wide) in paragraph at lines 19--34
[][] 
 []


Underfull \hbox (badness 10000) in paragraph at lines 19--34

 []


LaTeX Warning: `!h' float specifier changed to `!ht'.

[37]) (ChapitresPFE/ExtractionMotifs/VOG.tex

Package amsmath Warning: Foreign command \atopwithdelims;
(amsmath)                \frac or \genfrac should be used instead
(amsmath)                 on input line 32.

[38] [39]) (ChapitresPFE/ExtractionMotifs/VOG_Overlapp.tex [40])
(ChapitresPFE/ExtractionMotifs/TimeCrunch.tex
Overfull \hbox (17.62482pt too wide) detected at line 39
[][] 
 []

[41]) (ChapitresPFE/ExtractionMotifs/CanDense.tex)
Overfull \hbox (40.60617pt too wide) in paragraph at lines 1--247
[]\T1/txr/m/n/12 Une der-nire va-riante,  s'in-ti-tu-lant [][]CONdi-tio-nal Di
-ver-si-fied Net-work Sum-ma-ri-za-tion (CONDENSE)[],
 []

[42] (ChapitresPFE/ExtractionMotifs/intra_inter_mot_mat.tex
<ressources/image/inter_intra.png, id=1343, 980.66376pt x 326.21875pt>
File: ressources/image/inter_intra.png Graphic file (type png)
<use ressources/image/inter_intra.png>
Package pdftex.def Info: ressources/image/inter_intra.png  used on input line 7
.
(pdftex.def)             Requested size: 490.33067pt x 163.10896pt.

Overfull \hbox (35.08656pt too wide) in paragraph at lines 7--8
[][] 
 []

) (ChapitresPFE/ExtractionMotifs/mot_mat.tex) [43 <./ressources/image/inter_int
ra.png>] (ChapitresPFE/ExtractionMotifs/SubDue.tex)
(ChapitresPFE/ExtractionMotifs/GraphZip.tex
Underfull \hbox (badness 10000) in paragraph at lines 1--1

 []

) [44] (ChapitresPFE/ExtractionMotifs/appRep.tex
Overfull \hbox (17.62482pt too wide) detected at line 13
[][] 
 []

) (ChapitresPFE/ExtractionMotifs/appRepAmel.tex)
(ChapitresPFE/ExtractionMotifs/k2-partitionned.tex) [45]
(ChapitresPFE/ExtractionMotifs/gRepair.tex
<./ressources/image/grepair.png, id=1398, 881.2925pt x 464.73625pt>
File: ./ressources/image/grepair.png Graphic file (type png)
<use ./ressources/image/grepair.png>
Package pdftex.def Info: ./ressources/image/grepair.png  used on input line 5.
(pdftex.def)             Requested size: 440.64517pt x 232.36755pt.
)
(ChapitresPFE/ExtractionMotifs/VNM.tex [46 <./ressources/image/grepair.png>]

LaTeX Warning: Command \' invalid in math mode on input line 19.

Missing character: There is no  in font txr!
<./ressources/image/VNM_exemple.png, id=1415, 1300.86pt x 834.11626pt>
File: ./ressources/image/VNM_exemple.png Graphic file (type png)
<use ./ressources/image/VNM_exemple.png>
Package pdftex.def Info: ./ressources/image/VNM_exemple.png  used on input line
 40.
(pdftex.def)             Requested size: 390.26102pt x 250.2368pt.

LaTeX Warning: `!h' float specifier changed to `!ht'.

) (ChapitresPFE/ExtractionMotifs/DSM.tex [47]
Underfull \hbox (badness 10000) in paragraph at lines 2--8

 []

<ressources/image/VNM2_exemple.png, id=1432, 2229.32875pt x 652.4375pt>
File: ressources/image/VNM2_exemple.png Graphic file (type png)
<use ressources/image/VNM2_exemple.png>
Package pdftex.def Info: ressources/image/VNM2_exemple.png  used on input line 
12.
(pdftex.def)             Requested size: 512.73483pt x 150.05746pt.

Overfull \hbox (57.49072pt too wide) in paragraph at lines 12--13
[][] 
 []

) [48 <./ressources/image/VNM_exemple.png> <./ressources/image/VNM2_exemple.png
>] (ChapitresPFE/ExtractionMotifs/SynGen.tex [49]
Overfull \vbox (8.75002pt too high) detected at line 32
 []


Overfull \vbox (14.50003pt too high) detected at line 51
 []


Overfull \vbox (12.43002pt too high) detected at line 61
 []

[50]) (ChapitresPFE/CompressionDesGraphes/BillanGen.tex
Underfull \hbox (badness 7704) in paragraph at lines 28--29
[]|\T1/txr/m/n/12 exploitation des mo-
 []


Underfull \hbox (badness 1796) in paragraph at lines 28--29
\T1/txr/m/n/12 tifs fr-quents dans le
 []


Underfull \hbox (badness 2065) in paragraph at lines 30--31
[]|\T1/txr/m/n/12 Dpend se-lon la m-
 []


Underfull \hbox (badness 2469) in paragraph at lines 30--31
\T1/txr/m/n/12 thode de l'al-go-rithme
 []


Underfull \hbox (badness 10000) in paragraph at lines 34--36

 []


Underfull \hbox (badness 1147) in paragraph at lines 39--43
\T1/txr/m/n/12 - R-duire l'es-pace de
 []


Underfull \hbox (badness 10000) in paragraph at lines 39--43

 []


Underfull \hbox (badness 10000) in paragraph at lines 48--51

 []


Underfull \hbox (badness 2359) in paragraph at lines 53--56
[]\T1/txr/m/n/12 - Sta-tique (orient et
 []


Underfull \hbox (badness 10000) in paragraph at lines 53--56

 []

[51


]) [52]

Package Fancyhdr Warning: \fancyhf's `E' option without twoside option is usele
ss on input line 315.

[53

]
Chapitre 3.

Package hyperref Warning: Token not allowed in a PDF string (PDFDocEncoding):
(hyperref)                removing `math shift' on input line 327.


Package hyperref Warning: Token not allowed in a PDF string (PDFDocEncoding):
(hyperref)                removing `superscript' on input line 327.


Package hyperref Warning: Token not allowed in a PDF string (PDFDocEncoding):
(hyperref)                removing `math shift' on input line 327.


Package Fancyhdr Warning: \fancyhf's `E' option without twoside option is usele
ss on input line 337.

[54

]
<./ressources/image/ograce.jpg, id=1505, 963.6pt x 380.17032pt>
File: ./ressources/image/ograce.jpg Graphic file (type jpg)
<use ./ressources/image/ograce.jpg>
Package pdftex.def Info: ./ressources/image/ograce.jpg  used on input line 350.

(pdftex.def)             Requested size: 462.52275pt x 182.47968pt.

Overfull \hbox (7.27864pt too wide) in paragraph at lines 350--351
[][] 
 []

[55 <./ressources/image/ograce.jpg>] [56]
<./ressources/image/k2_non.jpg, id=1528, 958.58125pt x 470.75874pt>
File: ./ressources/image/k2_non.jpg Graphic file (type jpg)
<use ./ressources/image/k2_non.jpg>
Package pdftex.def Info: ./ressources/image/k2_non.jpg  used on input line 405.

(pdftex.def)             Requested size: 383.4257pt x 188.30016pt.
<./ressources/image/dynk2diff.png, id=1530, 874.26625pt x 376.40625pt>
File: ./ressources/image/dynk2diff.png Graphic file (type png)
<use ./ressources/image/dynk2diff.png>
Package pdftex.def Info: ./ressources/image/dynk2diff.png  used on input line 4
16.
(pdftex.def)             Requested size: 419.64304pt x 180.67294pt.
 [57 <./ressources/image/k2_non.jpg>]
[58 <./ressources/image/dynk2diff.png>]
Underfull \hbox (badness 10000) in paragraph at lines 439--440

 []


Overfull \hbox (35.62482pt too wide) in paragraph at lines 451--452
[]  
 []


Overfull \hbox (17.62482pt too wide) detected at line 480
[][] 
 []

[59]
Underfull \hbox (badness 10000) in paragraph at lines 487--488

 []


Overfull \hbox (35.62482pt too wide) in paragraph at lines 502--503
[]  
 []


Overfull \hbox (17.62482pt too wide) detected at line 541
[][] 
 []

[60]
<./ressources/image/pgrace.jpg, id=1597, 963.6pt x 380.17032pt>
File: ./ressources/image/pgrace.jpg Graphic file (type jpg)
<use ./ressources/image/pgrace.jpg>
Package pdftex.def Info: ./ressources/image/pgrace.jpg  used on input line 573.

(pdftex.def)             Requested size: 462.52275pt x 182.47968pt.

Overfull \hbox (7.27864pt too wide) in paragraph at lines 573--574
[][] 
 []

[61 <./ressources/image/pgrace.jpg>] [62]
Overfull \hbox (35.62482pt too wide) in paragraph at lines 628--629
[]  
 []


Overfull \hbox (17.62482pt too wide) detected at line 650
[][] 
 []


Overfull \hbox (29.3747pt too wide) in paragraph at lines 619--650
$[]$ 
 []


Underfull \hbox (badness 10000) in paragraph at lines 662--665

 []

[63]
<ressources/image/slashburn.png, id=1641, 1228.59pt x 551.23589pt>
File: ressources/image/slashburn.png Graphic file (type png)
<use ressources/image/slashburn.png>
Package pdftex.def Info: ressources/image/slashburn.png  used on input line 671
.
(pdftex.def)             Requested size: 307.14674pt x 137.80862pt.

Underfull \hbox (badness 10000) in paragraph at lines 676--679

 []

[64 <./ressources/image/slashburn.png>]
Underfull \hbox (badness 10000) in paragraph at lines 696--698

 []


Underfull \hbox (badness 10000) in paragraph at lines 714--717

 []

[65]

LaTeX Warning: Command \` invalid in math mode on input line 739.

Missing character: There is no  in font txr!
[66]
<./ressources/image/jacc.png, id=1671, 647.41875pt x 502.87875pt>
File: ./ressources/image/jacc.png Graphic file (type png)
<use ./ressources/image/jacc.png>
Package pdftex.def Info: ./ressources/image/jacc.png  used on input line 756.
(pdftex.def)             Requested size: 310.75746pt x 241.37906pt.
 [67 <./ressources/image/jacc.png>]
Overfull \hbox (17.15929pt too wide) in paragraph at lines 783--783
[]\T1/txr/bx/n/17.28 Notre m-thode : Dy-na-mic Dense Sub-graph Mi-ning (DDSM) 

 []

(ChapitresPFE/DDSM/ddsm.tex
Underfull \hbox (badness 10000) in paragraph at lines 3--3
[][][]\T1/txr/m/n/10 .[][]https ://bfmbusiness.bfmtv.com/hightech/la-moitie-de-
la-population-mondiale-est-connectee-a-internet-
 []

[68]

LaTeX Warning: `h' float specifier changed to `ht'.

[69]
Overfull \hbox (17.62482pt too wide) detected at line 76
[][] 
 []

[70])

Package Fancyhdr Warning: \fancyhf's `E' option without twoside option is usele
ss on input line 900.

[71]
Annexe A.

Package hyperref Warning: Token not allowed in a PDF string (PDFDocEncoding):
(hyperref)                removing `math shift' on input line 906.


Package hyperref Warning: Token not allowed in a PDF string (PDFDocEncoding):
(hyperref)                removing `superscript' on input line 906.


Package hyperref Warning: Token not allowed in a PDF string (PDFDocEncoding):
(hyperref)                removing `math shift' on input line 906.


Overfull \hbox (35.62482pt too wide) in paragraph at lines 926--927
[]  
 []


Overfull \hbox (17.62482pt too wide) detected at line 945
[][] 
 []


Overfull \hbox (35.62482pt too wide) in paragraph at lines 961--962
[]  
 []


Overfull \hbox (17.62482pt too wide) detected at line 980
[][] 
 []


Package Fancyhdr Warning: \fancyhf's `E' option without twoside option is usele
ss on input line 984.

[72

]
Annexe B.

Package Fancyhdr Warning: \fancyhf's `E' option without twoside option is usele
ss on input line 1017.

[73

]
Annexe C.

Overfull \hbox (35.62482pt too wide) in paragraph at lines 1033--1034
[]  
 []


Overfull \hbox (17.62482pt too wide) detected at line 1052
[][] 
 []


Package Fancyhdr Warning: \fancyhf's `E' option without twoside option is usele
ss on input line 1054.

[74

]
Overfull \hbox (35.62482pt too wide) in paragraph at lines 1068--1069
[]  
 []


Overfull \hbox (17.62482pt too wide) detected at line 1109
[][] 
 []

[75]
Overfull \hbox (35.62482pt too wide) in paragraph at lines 1124--1125
[]  
 []


Overfull \hbox (17.62482pt too wide) detected at line 1145
[][] 
 []

(psq19_Bousbiat_Hafsa_Ihadadene_Sana_SIQ.bbl [76]

Package Fancyhdr Warning: \fancyhf's `E' option without twoside option is usele
ss on input line 82.

[77

]
Underfull \hbox (badness 2922) in paragraph at lines 146--150
\T1/txr/m/n/12 Com-pres-sing graphs and in-dexes with re-cur-sive graph bi-sec-
tion.  \T1/txr/m/it/12 arXiv pre-print
 []

[78] [79] [80]) [81]
Package atveryend Info: Empty hook `BeforeClearDocument' on input line 1152.
Package atveryend Info: Empty hook `AfterLastShipout' on input line 1152.
 (psq19_Bousbiat_Hafsa_Ihadadene_Sana_SIQ.aux)
Package atveryend Info: Executing hook `AtVeryEndDocument' on input line 1152.
Package atveryend Info: Executing hook `AtEndAfterFileList' on input line 1152.



Package rerunfilecheck Warning: File `psq19_Bousbiat_Hafsa_Ihadadene_Sana_SIQ.o
ut' has changed.
(rerunfilecheck)                Rerun to get outlines right
(rerunfilecheck)                or use package `bookmark'.

Package rerunfilecheck Info: Checksums for `psq19_Bousbiat_Hafsa_Ihadadene_Sana
_SIQ.out':
(rerunfilecheck)             Before: 9B89150322B05A6A21F4EB8E9A2907CC;5958
(rerunfilecheck)             After:  6A053C45CED30F873FB0432D43A2107A;4336.

LaTeX Warning: There were multiply-defined labels.

Package atveryend Info: Empty hook `AtVeryVeryEnd' on input line 1152.
 ) 
Here is how much of TeX's memory you used:
 44474 strings out of 492970
 865657 string characters out of 3127037
 1012789 words of memory out of 3000000
 46889 multiletter control sequences out of 15000+200000
 649900 words of font info for 216 fonts, out of 3000000 for 9000
 1141 hyphenation exceptions out of 8191
 63i,14n,101p,2028b,1009s stack positions out of 5000i,500n,10000p,200000b,50000s
pdfTeX warning (dest): name{figure.4.1} has been referenced but does not exis
t, replaced by a fixed one

pdfTeX warning (dest): name{chapter.6} has been referenced but does not exist, 
replaced by a fixed one

pdfTeX warning (dest): name{section.5.7} has been referenced but does not exist
, replaced by a fixed one

pdfTeX warning (dest): name{section.5.6} has been referenced but does not exist
, replaced by a fixed one

pdfTeX warning (dest): name{section.5.5} has been referenced but does not exist
, replaced by a fixed one

pdfTeX warning (dest): name{subsection.5.4.2} has been referenced but does not 
exist, replaced by a fixed one

pdfTeX warning (dest): name{subsection.5.4.1} has been referenced but does not 
exist, replaced by a fixed one

pdfTeX warning (dest): name{section.5.4} has been referenced but does not exist
, replaced by a fixed one

pdfTeX warning (dest): name{section.5.3} has been referenced but does not exist
, replaced by a fixed one

pdfTeX warning (dest): name{section.5.2} has been referenced but does not exist
, replaced by a fixed one

pdfTeX warning (dest): name{section.5.1} has been referenced but does not exist
, replaced by a fixed one

pdfTeX warning (dest): name{chapter.5} has been referenced but does not exist, 
replaced by a fixed one

pdfTeX warning (dest): name{section.4.7} has been referenced but does not exist
, replaced by a fixed one

pdfTeX warning (dest): name{subsection.4.6.4} has been referenced but does not 
exist, replaced by a fixed one

pdfTeX warning (dest): name{subsection.4.6.3} has been referenced but does not 
exist, replaced by a fixed one

pdfTeX warning (dest): name{subsection.4.6.2} has been referenced but does not 
exist, replaced by a fixed one

pdfTeX warning (dest): name{subsection.4.6.1} has been referenced but does not 
exist, replaced by a fixed one

pdfTeX warning (dest): name{section.4.6} has been referenced but does not exist
, replaced by a fixed one

pdfTeX warning (dest): name{section.4.5} has been referenced but does not exist
, replaced by a fixed one

pdfTeX warning (dest): name{section.4.4} has been referenced but does not exist
, replaced by a fixed one

pdfTeX warning (dest): name{section.4.3} has been referenced but does not exist
, replaced by a fixed one

pdfTeX warning (dest): name{section.4.2} has been referenced but does not exist
, replaced by a fixed one

pdfTeX warning (dest): name{section.4.1} has been referenced but does not exist
, replaced by a fixed one

pdfTeX warning (dest): name{chapter.4} has been referenced but does not exist, 
replaced by a fixed one

{C:/Users/USER/AppData/Local/Programs/MiKTeX 2.9/fonts/enc/dvips/base/8r.enc}<C
:/Users/USER/AppData/Local/Programs/MiKTeX 2.9/fonts/type1/public/txfonts/rtxi.
pfb><C:/Users/USER/AppData/Local/Programs/MiKTeX 2.9/fonts/type1/public/txfonts
/rtxmi.pfb><C:/Users/USER/AppData/Local/Programs/MiKTeX 2.9/fonts/type1/public/
txfonts/rtxr.pfb><C:/Users/USER/AppData/Local/Programs/MiKTeX 2.9/fonts/type1/p
ublic/txfonts/rtxsc.pfb><C:/Users/USER/AppData/Local/Programs/MiKTeX 2.9/fonts/
type1/public/txfonts/txex.pfb><C:/Users/USER/AppData/Local/Programs/MiKTeX 2.9/
fonts/type1/public/txfonts/txsy.pfb><C:/Users/USER/AppData/Local/Programs/MiKTe
X 2.9/fonts/type1/public/txfonts/txsya.pfb><C:/Users/USER/AppData/Local/Program
s/MiKTeX 2.9/fonts/type1/public/txfonts/txsyb.pfb><C:/Users/USER/AppData/Local/
Programs/MiKTeX 2.9/fonts/type1/urw/times/utmb8a.pfb><C:/Users/USER/AppData/Loc
al/Programs/MiKTeX 2.9/fonts/type1/urw/times/utmbi8a.pfb><C:/Users/USER/AppData
/Local/Programs/MiKTeX 2.9/fonts/type1/urw/times/utmr8a.pfb><C:/Users/USER/AppD
ata/Local/Programs/MiKTeX 2.9/fonts/type1/urw/times/utmri8a.pfb><C:/Users/USER/
AppData/Local/Programs/MiKTeX 2.9/fonts/type1/urw/zapfding/uzdr.pfb>
Output written on psq19_Bousbiat_Hafsa_Ihadadene_Sana_SIQ.pdf (92 pages, 342585
9 bytes).
PDF statistics:
 2006 PDF objects out of 2073 (max. 8388607)
 536 named destinations out of 1000 (max. 500000)
 967 words of extra memory for PDF output out of 10000 (max. 10000000)

