\BOOKMARK [0][-]{Doc-Start}{Remerciement}{}% 1
\BOOKMARK [0][-]{Doc-Start}{R\351sum\351}{}% 2
\BOOKMARK [0][-]{chapter*.2}{Liste des figures}{}% 3
\BOOKMARK [0][-]{chapter*.3}{Liste des tableaux}{}% 4
\BOOKMARK [0][-]{chapter*.5}{Introduction g\351n\351rale}{}% 5
\BOOKMARK [-1][-]{part.1}{I \311tat de l'art}{}% 6
\BOOKMARK [0][-]{chapter.1}{ Th\351orie des graphes}{part.1}% 7
\BOOKMARK [1][-]{section.1.1}{Graphe non orient\351}{chapter.1}% 8
\BOOKMARK [2][-]{subsection.1.1.1}{D\351finitions et g\351n\351ralit\351s}{section.1.1}% 9
\BOOKMARK [2][-]{subsection.1.1.2}{Repr\351sentation graphique}{section.1.1}% 10
\BOOKMARK [2][-]{subsection.1.1.3}{Propri\351t\351s d'un graphe}{section.1.1}% 11
\BOOKMARK [1][-]{section.1.2}{Graphe orient\351}{chapter.1}% 12
\BOOKMARK [2][-]{subsection.1.2.1}{D\351finitions et g\351n\351ralit\351s}{section.1.2}% 13
\BOOKMARK [2][-]{subsection.1.2.2}{Repr\351sentation graphique}{section.1.2}% 14
\BOOKMARK [2][-]{subsection.1.2.3}{Quelques Propri\351t\351s:}{section.1.2}% 15
\BOOKMARK [1][-]{section.1.3}{Notion de Connexit\351}{chapter.1}% 16
\BOOKMARK [1][-]{section.1.4}{Quelques types de graphe}{chapter.1}% 17
\BOOKMARK [1][-]{section.1.5}{Graphe partiel et sous-graphe:}{chapter.1}% 18
\BOOKMARK [2][-]{subsection.1.5.1}{D\351finitions:}{section.1.5}% 19
\BOOKMARK [2][-]{subsection.1.5.2}{Quelques Types de sous graphes:}{section.1.5}% 20
\BOOKMARK [1][-]{section.1.6}{Repr\351sentation Structurelle d'un graphe}{chapter.1}% 21
\BOOKMARK [2][-]{subsection.1.6.1}{Matrice d'adjacence}{section.1.6}% 22
\BOOKMARK [2][-]{subsection.1.6.2}{Matrice d'incidence}{section.1.6}% 23
\BOOKMARK [2][-]{subsection.1.6.3}{Liste d'adjacence}{section.1.6}% 24
\BOOKMARK [1][-]{section.1.7}{Les domaines d'application}{chapter.1}% 25
\BOOKMARK [2][-]{subsection.1.7.1}{Graphes des r\351seaux sociaux:}{section.1.7}% 26
\BOOKMARK [2][-]{subsection.1.7.2}{Graphes en Bioinformatique:}{section.1.7}% 27
\BOOKMARK [2][-]{subsection.1.7.3}{Le Graphe du web:}{section.1.7}% 28
\BOOKMARK [1][-]{section.1.8}{Conclusion}{chapter.1}% 29
\BOOKMARK [0][-]{chapter.2}{Compression de graphes}{part.1}% 30
\BOOKMARK [1][-]{section.2.1}{Compression de donn\351es :}{chapter.2}% 31
\BOOKMARK [1][-]{section.2.2}{Compression appliqu\351e aux graphes:}{chapter.2}% 32
\BOOKMARK [2][-]{subsection.2.2.1}{Les types de compression:}{section.2.2}% 33
\BOOKMARK [2][-]{subsection.2.2.2}{Les m\351triques d'\351valuation des algorithmes de compression:}{section.2.2}% 34
\BOOKMARK [2][-]{subsection.2.2.3}{Classification des m\351thodes de compression:}{section.2.2}% 35
\BOOKMARK [1][-]{section.2.3}{Compression par les arbres K2-Trees}{chapter.2}% 36
\BOOKMARK [1][-]{section.2.4}{Compression par extraction de motifs}{chapter.2}% 37
\BOOKMARK [2][-]{subsection.2.4.1}{Compression bas\351e vocabulaire}{section.2.4}% 38
\BOOKMARK [2][-]{subsection.2.4.2}{Compression bas\351e sur l'agr\351gation des motifs}{section.2.4}% 39
\BOOKMARK [2][-]{subsection.2.4.3}{Synth\350se des m\351thodes de compression par extraction de motifs }{section.2.4}% 40
\BOOKMARK [1][-]{section.2.5}{Bilan g\351n\351ral}{chapter.2}% 41
\BOOKMARK [-1][-]{part.2}{II Contribution}{}% 42
\BOOKMARK [0][-]{chapter.3}{Conception}{part.2}% 43
\BOOKMARK [1][-]{section.3.1}{Introduction}{chapter.3}% 44
\BOOKMARK [1][-]{section.3.2}{k2-GraCE : }{chapter.3}% 45
\BOOKMARK [2][-]{subsection.3.2.1}{Principe de fonctionnement :}{section.3.2}% 46
\BOOKMARK [2][-]{subsection.3.2.2}{Param\350tre et notations :}{section.3.2}% 47
\BOOKMARK [2][-]{subsection.3.2.3}{Conception Modulaire:}{section.3.2}% 48
\BOOKMARK [1][-]{section.3.3}{P-GraCE :}{chapter.3}% 49
\BOOKMARK [2][-]{subsection.3.3.1}{Principe de fonctionnement :}{section.3.3}% 50
\BOOKMARK [2][-]{subsection.3.3.2}{Param\350tre et notations :}{section.3.3}% 51
\BOOKMARK [2][-]{subsection.3.3.3}{Conception modulaire :}{section.3.3}% 52
\BOOKMARK [1][-]{section.3.4}{Notre m\351thode: Dynamic Dense Subgraph Mining \(DDSM\)}{chapter.3}% 53
\BOOKMARK [1][-]{section.3.5}{Conclusion}{chapter.3}% 54
\BOOKMARK [0][-]{chapter.4}{Impl\351mentation}{part.2}% 55
\BOOKMARK [1][-]{section.4.1}{Introduction}{chapter.4}% 56
\BOOKMARK [1][-]{section.4.2}{Architecture globale}{chapter.4}% 57
\BOOKMARK [1][-]{section.4.3}{Donn\351es}{chapter.4}% 58
\BOOKMARK [1][-]{section.4.4}{Traitement}{chapter.4}% 59
\BOOKMARK [2][-]{subsection.4.4.1}{Les structures utilis\351es }{section.4.4}% 60
\BOOKMARK [2][-]{subsection.4.4.2}{Les m\351thodes et fonctions }{section.4.4}% 61
\BOOKMARK [1][-]{section.4.5}{Pr\351sentation}{chapter.4}% 62
\BOOKMARK [1][-]{section.4.6}{Environnement de d\351veloppement}{chapter.4}% 63
\BOOKMARK [2][-]{subsection.4.6.1}{Langage de Programmation}{section.4.6}% 64
\BOOKMARK [2][-]{subsection.4.6.2}{Biblioth\350que Snap}{section.4.6}% 65
\BOOKMARK [2][-]{subsection.4.6.3}{Biblioth\350que Boost}{section.4.6}% 66
\BOOKMARK [1][-]{section.4.7}{Conclusion}{chapter.4}% 67
\BOOKMARK [0][-]{chapter.5}{Test}{part.2}% 68
\BOOKMARK [1][-]{section.5.1}{Introduction}{chapter.5}% 69
\BOOKMARK [1][-]{section.5.2}{Environnement de Test}{chapter.5}% 70
\BOOKMARK [1][-]{section.5.3}{Pr\351sentation des graphes de test}{chapter.5}% 71
\BOOKMARK [1][-]{section.5.4}{\311valuation du moteur k2-GraCE}{chapter.5}% 72
\BOOKMARK [2][-]{subsection.5.4.1}{Analyse de l'impact du param\350tre k}{section.5.4}% 73
\BOOKMARK [2][-]{subsection.5.4.2}{\311tude de l'effet de l'ordre}{section.5.4}% 74
\BOOKMARK [1][-]{section.5.5}{\311valuation du moteur P-GraCE}{chapter.5}% 75
\BOOKMARK [1][-]{section.5.6}{Comparaison entre les diff\351rents moteurs}{chapter.5}% 76
\BOOKMARK [1][-]{section.5.7}{Conclusion}{chapter.5}% 77
\BOOKMARK [0][-]{appendix.A}{Extraction de voisins dans un arbre k2-tree}{part.2}% 78
\BOOKMARK [0][-]{appendix.B}{Description des graphes de test}{part.2}% 79
\BOOKMARK [0][-]{appendix.C}{Algorithmes des m\351thodes de clustering}{part.2}% 80
