\BOOKMARK [0][-]{Doc-Start}{Remerciement}{}% 1
\BOOKMARK [0][-]{Doc-Start}{R\351sum\351}{}% 2
\BOOKMARK [0][-]{chapter*.2}{Liste des figures}{}% 3
\BOOKMARK [0][-]{chapter*.3}{Liste des tableaux}{}% 4
\BOOKMARK [-1][-]{part.1}{I Introduction}{}% 5
\BOOKMARK [0][-]{chapter.1}{ Th\351orie des graphes}{part.1}% 6
\BOOKMARK [1][-]{section.1.1}{Graphe non orient\351}{chapter.1}% 7
\BOOKMARK [2][-]{subsection.1.1.1}{D\351finitions et g\351n\351ralit\351s}{section.1.1}% 8
\BOOKMARK [2][-]{subsection.1.1.2}{Repr\351sentation graphique}{section.1.1}% 9
\BOOKMARK [2][-]{subsection.1.1.3}{Propri\351t\351 d'un graphe}{section.1.1}% 10
\BOOKMARK [1][-]{section.1.2}{Graphe orient\351}{chapter.1}% 11
\BOOKMARK [2][-]{subsection.1.2.1}{D\351finitions et g\351n\351ralit\351s}{section.1.2}% 12
\BOOKMARK [2][-]{subsection.1.2.2}{Repr\351sentation graphique}{section.1.2}% 13
\BOOKMARK [2][-]{subsection.1.2.3}{Quelques Propri\351t\351s:}{section.1.2}% 14
\BOOKMARK [1][-]{section.1.3}{Type de graphe}{chapter.1}% 15
\BOOKMARK [1][-]{section.1.4}{Repr\351sentation Structurelle d'un graphe}{chapter.1}% 16
\BOOKMARK [2][-]{subsection.1.4.1}{Repr\351sentation par une matrice}{section.1.4}% 17
\BOOKMARK [2][-]{subsection.1.4.2}{Repr\351sentation par une liste}{section.1.4}% 18
\BOOKMARK [1][-]{section.1.5}{Les domaines d'application}{chapter.1}% 19
\BOOKMARK [0][-]{chapter.2}{Compression de graphe}{part.1}% 20
\BOOKMARK [0][-]{chapter.3}{chapitre 03: etude empirique}{part.1}% 21
\BOOKMARK [-1][-]{part.2}{II Conclusion}{}% 22
